{"C:\\xampp\\htdocs\\Workspace\\motionpicture\\SSKTS\\frontend\\app\\models\\Auth\\AuthModel.js":{"path":"C:\\xampp\\htdocs\\Workspace\\motionpicture\\SSKTS\\frontend\\app\\models\\Auth\\AuthModel.js","statementMap":{"0":{"start":{"line":2,"column":0},"end":{"line":2,"column":62}},"1":{"start":{"line":3,"column":15},"end":{"line":3,"column":64}},"2":{"start":{"line":4,"column":13},"end":{"line":4,"column":28}},"3":{"start":{"line":15,"column":8},"end":{"line":17,"column":9}},"4":{"start":{"line":16,"column":12},"end":{"line":16,"column":25}},"5":{"start":{"line":18,"column":8},"end":{"line":18,"column":79}},"6":{"start":{"line":19,"column":8},"end":{"line":25,"column":10}},"7":{"start":{"line":26,"column":8},"end":{"line":26,"column":105}},"8":{"start":{"line":27,"column":8},"end":{"line":27,"column":92}},"9":{"start":{"line":28,"column":8},"end":{"line":28,"column":95}},"10":{"start":{"line":37,"column":8},"end":{"line":60,"column":9}},"11":{"start":{"line":38,"column":25},"end":{"line":46,"column":14}},"12":{"start":{"line":47,"column":12},"end":{"line":49,"column":13}},"13":{"start":{"line":48,"column":16},"end":{"line":48,"column":54}},"14":{"start":{"line":50,"column":12},"end":{"line":50,"column":24}},"15":{"start":{"line":53,"column":12},"end":{"line":59,"column":15}},"16":{"start":{"line":69,"column":28},"end":{"line":75,"column":9}},"17":{"start":{"line":76,"column":8},"end":{"line":76,"column":35}},"18":{"start":{"line":84,"column":8},"end":{"line":84,"column":55}},"19":{"start":{"line":87,"column":0},"end":{"line":87,"column":30}},"20":{"start":{"line":93,"column":0},"end":{"line":102,"column":65}},"21":{"start":{"line":97,"column":4},"end":{"line":97,"column":58}},"22":{"start":{"line":101,"column":4},"end":{"line":101,"column":52}}},"fnMap":{"0":{"name":"(anonymous_0)","decl":{"start":{"line":14,"column":4},"end":{"line":14,"column":5}},"loc":{"start":{"line":14,"column":25},"end":{"line":29,"column":5}},"line":14},"1":{"name":"(anonymous_1)","decl":{"start":{"line":36,"column":4},"end":{"line":36,"column":5}},"loc":{"start":{"line":36,"column":13},"end":{"line":61,"column":5}},"line":36},"2":{"name":"(anonymous_2)","decl":{"start":{"line":68,"column":4},"end":{"line":68,"column":5}},"loc":{"start":{"line":68,"column":18},"end":{"line":77,"column":5}},"line":68},"3":{"name":"(anonymous_3)","decl":{"start":{"line":83,"column":4},"end":{"line":83,"column":5}},"loc":{"start":{"line":83,"column":15},"end":{"line":85,"column":5}},"line":83},"4":{"name":"(anonymous_4)","decl":{"start":{"line":93,"column":1},"end":{"line":93,"column":2}},"loc":{"start":{"line":93,"column":23},"end":{"line":102,"column":1}},"line":93}},"branchMap":{"0":{"loc":{"start":{"line":15,"column":8},"end":{"line":17,"column":9}},"type":"if","locations":[{"start":{"line":15,"column":8},"end":{"line":17,"column":9}},{"start":{"line":15,"column":8},"end":{"line":17,"column":9}}],"line":15},"1":{"loc":{"start":{"line":18,"column":21},"end":{"line":18,"column":78}},"type":"cond-expr","locations":[{"start":{"line":18,"column":53},"end":{"line":18,"column":66}},{"start":{"line":18,"column":69},"end":{"line":18,"column":78}}],"line":18},"2":{"loc":{"start":{"line":19,"column":22},"end":{"line":25,"column":9}},"type":"cond-expr","locations":[{"start":{"line":19,"column":55},"end":{"line":19,"column":69}},{"start":{"line":19,"column":72},"end":{"line":25,"column":9}}],"line":19},"3":{"loc":{"start":{"line":26,"column":26},"end":{"line":26,"column":104}},"type":"cond-expr","locations":[{"start":{"line":26,"column":63},"end":{"line":26,"column":81}},{"start":{"line":26,"column":84},"end":{"line":26,"column":104}}],"line":26},"4":{"loc":{"start":{"line":27,"column":27},"end":{"line":27,"column":91}},"type":"cond-expr","locations":[{"start":{"line":27,"column":65},"end":{"line":27,"column":84}},{"start":{"line":27,"column":87},"end":{"line":27,"column":91}}],"line":27},"5":{"loc":{"start":{"line":28,"column":28},"end":{"line":28,"column":94}},"type":"cond-expr","locations":[{"start":{"line":28,"column":67},"end":{"line":28,"column":87}},{"start":{"line":28,"column":90},"end":{"line":28,"column":94}}],"line":28},"6":{"loc":{"start":{"line":37,"column":8},"end":{"line":60,"column":9}},"type":"if","locations":[{"start":{"line":37,"column":8},"end":{"line":60,"column":9}},{"start":{"line":37,"column":8},"end":{"line":60,"column":9}}],"line":37},"7":{"loc":{"start":{"line":47,"column":12},"end":{"line":49,"column":13}},"type":"if","locations":[{"start":{"line":47,"column":12},"end":{"line":49,"column":13}},{"start":{"line":47,"column":12},"end":{"line":49,"column":13}}],"line":47},"8":{"loc":{"start":{"line":102,"column":16},"end":{"line":102,"column":63}},"type":"binary-expr","locations":[{"start":{"line":102,"column":16},"end":{"line":102,"column":34}},{"start":{"line":102,"column":39},"end":{"line":102,"column":62}}],"line":102}},"s":{"0":1,"1":1,"2":1,"3":69,"4":54,"5":69,"6":69,"7":69,"8":69,"9":69,"10":67,"11":13,"12":13,"13":0,"14":13,"15":54,"16":10,"17":10,"18":91,"19":1,"20":1,"21":1,"22":1},"f":{"0":69,"1":67,"2":10,"3":91,"4":1},"b":{"0":[54,15],"1":[4,65],"2":[2,67],"3":[14,55],"4":[2,67],"5":[3,66],"6":[13,54],"7":[0,13],"8":[1,1]},"_coverageSchema":"332fd63041d2c1bcb487cc26dd0d5f7d97098a6c","hash":"f83471aa2ba30075f86d1b19fe20824e958204aa","contentHash":"f1bdccd9085b80f7f8629f34f483ecba_11.4.0"},"C:\\xampp\\htdocs\\Workspace\\motionpicture\\SSKTS\\frontend\\app\\models\\Inquiry\\InquiryModel.js":{"path":"C:\\xampp\\htdocs\\Workspace\\motionpicture\\SSKTS\\frontend\\app\\models\\Inquiry\\InquiryModel.js","statementMap":{"0":{"start":{"line":2,"column":0},"end":{"line":2,"column":62}},"1":{"start":{"line":13,"column":8},"end":{"line":15,"column":9}},"2":{"start":{"line":14,"column":12},"end":{"line":14,"column":25}},"3":{"start":{"line":16,"column":8},"end":{"line":16,"column":131}},"4":{"start":{"line":17,"column":8},"end":{"line":17,"column":74}},"5":{"start":{"line":18,"column":8},"end":{"line":18,"column":74}},"6":{"start":{"line":27,"column":31},"end":{"line":31,"column":9}},"7":{"start":{"line":32,"column":8},"end":{"line":32,"column":41}},"8":{"start":{"line":35,"column":0},"end":{"line":35,"column":36}}},"fnMap":{"0":{"name":"(anonymous_0)","decl":{"start":{"line":12,"column":4},"end":{"line":12,"column":5}},"loc":{"start":{"line":12,"column":25},"end":{"line":19,"column":5}},"line":12},"1":{"name":"(anonymous_1)","decl":{"start":{"line":26,"column":4},"end":{"line":26,"column":5}},"loc":{"start":{"line":26,"column":18},"end":{"line":33,"column":5}},"line":26}},"branchMap":{"0":{"loc":{"start":{"line":13,"column":8},"end":{"line":15,"column":9}},"type":"if","locations":[{"start":{"line":13,"column":8},"end":{"line":15,"column":9}},{"start":{"line":13,"column":8},"end":{"line":15,"column":9}}],"line":13},"1":{"loc":{"start":{"line":16,"column":40},"end":{"line":16,"column":130}},"type":"cond-expr","locations":[{"start":{"line":16,"column":91},"end":{"line":16,"column":123}},{"start":{"line":16,"column":126},"end":{"line":16,"column":130}}],"line":16},"2":{"loc":{"start":{"line":17,"column":21},"end":{"line":17,"column":73}},"type":"cond-expr","locations":[{"start":{"line":17,"column":53},"end":{"line":17,"column":66}},{"start":{"line":17,"column":69},"end":{"line":17,"column":73}}],"line":17},"3":{"loc":{"start":{"line":18,"column":21},"end":{"line":18,"column":73}},"type":"cond-expr","locations":[{"start":{"line":18,"column":53},"end":{"line":18,"column":66}},{"start":{"line":18,"column":69},"end":{"line":18,"column":73}}],"line":18}},"s":{"0":1,"1":13,"2":11,"3":13,"4":13,"5":13,"6":2,"7":2,"8":1},"f":{"0":13,"1":2},"b":{"0":[11,2],"1":[1,12],"2":[1,12],"3":[1,12]},"_coverageSchema":"332fd63041d2c1bcb487cc26dd0d5f7d97098a6c","hash":"80231c4833e163a42075a7173d6d56862df769f1","contentHash":"50c06df99673e9e8e5e1edb4154634ec_11.4.0"},"C:\\xampp\\htdocs\\Workspace\\motionpicture\\SSKTS\\frontend\\app\\models\\Purchase\\PurchaseModel.js":{"path":"C:\\xampp\\htdocs\\Workspace\\motionpicture\\SSKTS\\frontend\\app\\models\\Purchase\\PurchaseModel.js","statementMap":{"0":{"start":{"line":2,"column":0},"end":{"line":2,"column":62}},"1":{"start":{"line":3,"column":20},"end":{"line":3,"column":66}},"2":{"start":{"line":4,"column":15},"end":{"line":4,"column":32}},"3":{"start":{"line":5,"column":23},"end":{"line":5,"column":76}},"4":{"start":{"line":6,"column":19},"end":{"line":6,"column":59}},"5":{"start":{"line":18,"column":8},"end":{"line":20,"column":9}},"6":{"start":{"line":19,"column":12},"end":{"line":19,"column":25}},"7":{"start":{"line":21,"column":8},"end":{"line":21,"column":131}},"8":{"start":{"line":22,"column":8},"end":{"line":22,"column":131}},"9":{"start":{"line":23,"column":8},"end":{"line":23,"column":92}},"10":{"start":{"line":24,"column":8},"end":{"line":24,"column":95}},"11":{"start":{"line":25,"column":8},"end":{"line":25,"column":99}},"12":{"start":{"line":26,"column":8},"end":{"line":27,"column":58}},"13":{"start":{"line":28,"column":8},"end":{"line":28,"column":80}},"14":{"start":{"line":29,"column":8},"end":{"line":29,"column":86}},"15":{"start":{"line":30,"column":8},"end":{"line":30,"column":128}},"16":{"start":{"line":31,"column":8},"end":{"line":31,"column":80}},"17":{"start":{"line":32,"column":8},"end":{"line":32,"column":90}},"18":{"start":{"line":33,"column":8},"end":{"line":33,"column":68}},"19":{"start":{"line":34,"column":8},"end":{"line":34,"column":69}},"20":{"start":{"line":35,"column":8},"end":{"line":35,"column":110}},"21":{"start":{"line":36,"column":8},"end":{"line":36,"column":80}},"22":{"start":{"line":45,"column":32},"end":{"line":61,"column":9}},"23":{"start":{"line":62,"column":8},"end":{"line":62,"column":43}},"24":{"start":{"line":72,"column":21},"end":{"line":72,"column":25}},"25":{"start":{"line":73,"column":8},"end":{"line":74,"column":27}},"26":{"start":{"line":74,"column":12},"end":{"line":74,"column":27}},"27":{"start":{"line":75,"column":8},"end":{"line":96,"column":9}},"28":{"start":{"line":77,"column":16},"end":{"line":77,"column":22}},"29":{"start":{"line":79,"column":16},"end":{"line":80,"column":35}},"30":{"start":{"line":80,"column":20},"end":{"line":80,"column":35}},"31":{"start":{"line":81,"column":16},"end":{"line":81,"column":22}},"32":{"start":{"line":83,"column":16},"end":{"line":84,"column":35}},"33":{"start":{"line":84,"column":20},"end":{"line":84,"column":35}},"34":{"start":{"line":85,"column":16},"end":{"line":85,"column":22}},"35":{"start":{"line":87,"column":16},"end":{"line":88,"column":35}},"36":{"start":{"line":88,"column":20},"end":{"line":88,"column":35}},"37":{"start":{"line":89,"column":16},"end":{"line":90,"column":35}},"38":{"start":{"line":90,"column":20},"end":{"line":90,"column":35}},"39":{"start":{"line":91,"column":16},"end":{"line":91,"column":22}},"40":{"start":{"line":93,"column":16},"end":{"line":93,"column":22}},"41":{"start":{"line":95,"column":16},"end":{"line":95,"column":22}},"42":{"start":{"line":97,"column":8},"end":{"line":97,"column":22}},"43":{"start":{"line":106,"column":8},"end":{"line":108,"column":9}},"44":{"start":{"line":107,"column":12},"end":{"line":107,"column":25}},"45":{"start":{"line":109,"column":22},"end":{"line":109,"column":49}},"46":{"start":{"line":110,"column":8},"end":{"line":112,"column":104}},"47":{"start":{"line":121,"column":21},"end":{"line":121,"column":26}},"48":{"start":{"line":122,"column":8},"end":{"line":123,"column":26}},"49":{"start":{"line":123,"column":12},"end":{"line":123,"column":26}},"50":{"start":{"line":124,"column":8},"end":{"line":127,"column":9}},"51":{"start":{"line":125,"column":12},"end":{"line":126,"column":30}},"52":{"start":{"line":126,"column":16},"end":{"line":126,"column":30}},"53":{"start":{"line":128,"column":8},"end":{"line":128,"column":22}},"54":{"start":{"line":137,"column":31},"end":{"line":137,"column":50}},"55":{"start":{"line":138,"column":21},"end":{"line":138,"column":22}},"56":{"start":{"line":139,"column":8},"end":{"line":140,"column":26}},"57":{"start":{"line":140,"column":12},"end":{"line":140,"column":26}},"58":{"start":{"line":141,"column":8},"end":{"line":143,"column":9}},"59":{"start":{"line":142,"column":12},"end":{"line":142,"column":39}},"60":{"start":{"line":144,"column":8},"end":{"line":144,"column":22}},"61":{"start":{"line":153,"column":8},"end":{"line":153,"column":63}},"62":{"start":{"line":162,"column":31},"end":{"line":162,"column":50}},"63":{"start":{"line":163,"column":20},"end":{"line":163,"column":21}},"64":{"start":{"line":164,"column":8},"end":{"line":165,"column":25}},"65":{"start":{"line":165,"column":12},"end":{"line":165,"column":25}},"66":{"start":{"line":166,"column":8},"end":{"line":168,"column":9}},"67":{"start":{"line":167,"column":12},"end":{"line":167,"column":43}},"68":{"start":{"line":169,"column":8},"end":{"line":169,"column":21}},"69":{"start":{"line":178,"column":8},"end":{"line":178,"column":63}},"70":{"start":{"line":188,"column":8},"end":{"line":191,"column":9}},"71":{"start":{"line":190,"column":12},"end":{"line":190,"column":22}},"72":{"start":{"line":192,"column":23},"end":{"line":192,"column":25}},"73":{"start":{"line":193,"column":8},"end":{"line":222,"column":9}},"74":{"start":{"line":194,"column":12},"end":{"line":206,"column":15}},"75":{"start":{"line":207,"column":12},"end":{"line":221,"column":13}},"76":{"start":{"line":208,"column":16},"end":{"line":220,"column":19}},"77":{"start":{"line":223,"column":8},"end":{"line":225,"column":9}},"78":{"start":{"line":224,"column":12},"end":{"line":224,"column":26}},"79":{"start":{"line":227,"column":28},"end":{"line":227,"column":30}},"80":{"start":{"line":228,"column":8},"end":{"line":259,"column":9}},"81":{"start":{"line":229,"column":12},"end":{"line":258,"column":13}},"82":{"start":{"line":230,"column":16},"end":{"line":242,"column":19}},"83":{"start":{"line":243,"column":16},"end":{"line":257,"column":17}},"84":{"start":{"line":244,"column":20},"end":{"line":256,"column":23}},"85":{"start":{"line":260,"column":8},"end":{"line":260,"column":42}},"86":{"start":{"line":269,"column":8},"end":{"line":273,"column":9}},"87":{"start":{"line":272,"column":12},"end":{"line":272,"column":19}},"88":{"start":{"line":275,"column":28},"end":{"line":275,"column":116}},"89":{"start":{"line":276,"column":30},"end":{"line":276,"column":152}},"90":{"start":{"line":278,"column":8},"end":{"line":279,"column":131}},"91":{"start":{"line":280,"column":8},"end":{"line":280,"column":29}},"92":{"start":{"line":289,"column":8},"end":{"line":290,"column":22}},"93":{"start":{"line":290,"column":12},"end":{"line":290,"column":22}},"94":{"start":{"line":291,"column":26},"end":{"line":291,"column":73}},"95":{"start":{"line":292,"column":31},"end":{"line":292,"column":83}},"96":{"start":{"line":293,"column":23},"end":{"line":293,"column":75}},"97":{"start":{"line":294,"column":8},"end":{"line":294,"column":39}},"98":{"start":{"line":302,"column":8},"end":{"line":306,"column":9}},"99":{"start":{"line":305,"column":12},"end":{"line":305,"column":24}},"100":{"start":{"line":307,"column":35},"end":{"line":307,"column":37}},"101":{"start":{"line":308,"column":25},"end":{"line":308,"column":27}},"102":{"start":{"line":309,"column":8},"end":{"line":345,"column":9}},"103":{"start":{"line":310,"column":25},"end":{"line":312,"column":14}},"104":{"start":{"line":311,"column":16},"end":{"line":311,"column":118}},"105":{"start":{"line":313,"column":12},"end":{"line":314,"column":25}},"106":{"start":{"line":314,"column":16},"end":{"line":314,"column":25}},"107":{"start":{"line":315,"column":31},"end":{"line":315,"column":97}},"108":{"start":{"line":315,"column":67},"end":{"line":315,"column":95}},"109":{"start":{"line":316,"column":12},"end":{"line":343,"column":13}},"110":{"start":{"line":318,"column":30},"end":{"line":318,"column":110}},"111":{"start":{"line":318,"column":67},"end":{"line":318,"column":108}},"112":{"start":{"line":319,"column":16},"end":{"line":329,"column":17}},"113":{"start":{"line":321,"column":20},"end":{"line":321,"column":50}},"114":{"start":{"line":325,"column":20},"end":{"line":328,"column":23}},"115":{"start":{"line":333,"column":16},"end":{"line":342,"column":19}},"116":{"start":{"line":344,"column":12},"end":{"line":344,"column":61}},"117":{"start":{"line":346,"column":8},"end":{"line":348,"column":9}},"118":{"start":{"line":347,"column":12},"end":{"line":347,"column":24}},"119":{"start":{"line":349,"column":20},"end":{"line":349,"column":96}},"120":{"start":{"line":350,"column":21},"end":{"line":350,"column":140}},"121":{"start":{"line":351,"column":30},"end":{"line":351,"column":108}},"122":{"start":{"line":352,"column":40},"end":{"line":352,"column":108}},"123":{"start":{"line":353,"column":25},"end":{"line":353,"column":124}},"124":{"start":{"line":354,"column":27},"end":{"line":356,"column":32}},"125":{"start":{"line":357,"column":35},"end":{"line":359,"column":40}},"126":{"start":{"line":360,"column":8},"end":{"line":409,"column":10}},"127":{"start":{"line":412,"column":0},"end":{"line":412,"column":36}},"128":{"start":{"line":413,"column":0},"end":{"line":413,"column":29}},"129":{"start":{"line":414,"column":0},"end":{"line":414,"column":31}},"130":{"start":{"line":415,"column":0},"end":{"line":415,"column":30}},"131":{"start":{"line":416,"column":0},"end":{"line":416,"column":32}},"132":{"start":{"line":417,"column":0},"end":{"line":417,"column":33}},"133":{"start":{"line":418,"column":0},"end":{"line":418,"column":38}}},"fnMap":{"0":{"name":"(anonymous_0)","decl":{"start":{"line":17,"column":4},"end":{"line":17,"column":5}},"loc":{"start":{"line":17,"column":25},"end":{"line":37,"column":5}},"line":17},"1":{"name":"(anonymous_1)","decl":{"start":{"line":44,"column":4},"end":{"line":44,"column":5}},"loc":{"start":{"line":44,"column":18},"end":{"line":63,"column":5}},"line":44},"2":{"name":"(anonymous_2)","decl":{"start":{"line":71,"column":4},"end":{"line":71,"column":5}},"loc":{"start":{"line":71,"column":22},"end":{"line":98,"column":5}},"line":71},"3":{"name":"(anonymous_3)","decl":{"start":{"line":105,"column":4},"end":{"line":105,"column":5}},"loc":{"start":{"line":105,"column":17},"end":{"line":113,"column":5}},"line":105},"4":{"name":"(anonymous_4)","decl":{"start":{"line":120,"column":4},"end":{"line":120,"column":5}},"loc":{"start":{"line":120,"column":26},"end":{"line":129,"column":5}},"line":120},"5":{"name":"(anonymous_5)","decl":{"start":{"line":136,"column":4},"end":{"line":136,"column":5}},"loc":{"start":{"line":136,"column":23},"end":{"line":145,"column":5}},"line":136},"6":{"name":"(anonymous_6)","decl":{"start":{"line":152,"column":4},"end":{"line":152,"column":5}},"loc":{"start":{"line":152,"column":15},"end":{"line":154,"column":5}},"line":152},"7":{"name":"(anonymous_7)","decl":{"start":{"line":161,"column":4},"end":{"line":161,"column":5}},"loc":{"start":{"line":161,"column":19},"end":{"line":170,"column":5}},"line":161},"8":{"name":"(anonymous_8)","decl":{"start":{"line":177,"column":4},"end":{"line":177,"column":5}},"loc":{"start":{"line":177,"column":16},"end":{"line":179,"column":5}},"line":177},"9":{"name":"(anonymous_9)","decl":{"start":{"line":187,"column":4},"end":{"line":187,"column":5}},"loc":{"start":{"line":187,"column":22},"end":{"line":261,"column":5}},"line":187},"10":{"name":"(anonymous_10)","decl":{"start":{"line":268,"column":4},"end":{"line":268,"column":5}},"loc":{"start":{"line":268,"column":20},"end":{"line":281,"column":5}},"line":268},"11":{"name":"(anonymous_11)","decl":{"start":{"line":288,"column":4},"end":{"line":288,"column":5}},"loc":{"start":{"line":288,"column":22},"end":{"line":295,"column":5}},"line":288},"12":{"name":"(anonymous_12)","decl":{"start":{"line":301,"column":4},"end":{"line":301,"column":5}},"loc":{"start":{"line":301,"column":33},"end":{"line":410,"column":5}},"line":301},"13":{"name":"(anonymous_13)","decl":{"start":{"line":310,"column":40},"end":{"line":310,"column":41}},"loc":{"start":{"line":310,"column":51},"end":{"line":312,"column":13}},"line":310},"14":{"name":"(anonymous_14)","decl":{"start":{"line":315,"column":55},"end":{"line":315,"column":56}},"loc":{"start":{"line":315,"column":67},"end":{"line":315,"column":95}},"line":315},"15":{"name":"(anonymous_15)","decl":{"start":{"line":318,"column":55},"end":{"line":318,"column":56}},"loc":{"start":{"line":318,"column":67},"end":{"line":318,"column":108}},"line":318}},"branchMap":{"0":{"loc":{"start":{"line":18,"column":8},"end":{"line":20,"column":9}},"type":"if","locations":[{"start":{"line":18,"column":8},"end":{"line":20,"column":9}},{"start":{"line":18,"column":8},"end":{"line":20,"column":9}}],"line":18},"1":{"loc":{"start":{"line":21,"column":40},"end":{"line":21,"column":130}},"type":"cond-expr","locations":[{"start":{"line":21,"column":91},"end":{"line":21,"column":123}},{"start":{"line":21,"column":126},"end":{"line":21,"column":130}}],"line":21},"2":{"loc":{"start":{"line":22,"column":40},"end":{"line":22,"column":130}},"type":"cond-expr","locations":[{"start":{"line":22,"column":91},"end":{"line":22,"column":123}},{"start":{"line":22,"column":126},"end":{"line":22,"column":130}}],"line":22},"3":{"loc":{"start":{"line":23,"column":27},"end":{"line":23,"column":91}},"type":"cond-expr","locations":[{"start":{"line":23,"column":65},"end":{"line":23,"column":84}},{"start":{"line":23,"column":87},"end":{"line":23,"column":91}}],"line":23},"4":{"loc":{"start":{"line":24,"column":28},"end":{"line":24,"column":94}},"type":"cond-expr","locations":[{"start":{"line":24,"column":67},"end":{"line":24,"column":87}},{"start":{"line":24,"column":90},"end":{"line":24,"column":94}}],"line":24},"5":{"loc":{"start":{"line":25,"column":30},"end":{"line":25,"column":98}},"type":"cond-expr","locations":[{"start":{"line":25,"column":71},"end":{"line":25,"column":93}},{"start":{"line":25,"column":96},"end":{"line":25,"column":98}}],"line":25},"6":{"loc":{"start":{"line":26,"column":44},"end":{"line":27,"column":57}},"type":"cond-expr","locations":[{"start":{"line":27,"column":14},"end":{"line":27,"column":50}},{"start":{"line":27,"column":53},"end":{"line":27,"column":57}}],"line":26},"7":{"loc":{"start":{"line":28,"column":23},"end":{"line":28,"column":79}},"type":"cond-expr","locations":[{"start":{"line":28,"column":57},"end":{"line":28,"column":72}},{"start":{"line":28,"column":75},"end":{"line":28,"column":79}}],"line":28},"8":{"loc":{"start":{"line":29,"column":26},"end":{"line":29,"column":85}},"type":"cond-expr","locations":[{"start":{"line":29,"column":63},"end":{"line":29,"column":81}},{"start":{"line":29,"column":84},"end":{"line":29,"column":85}}],"line":29},"9":{"loc":{"start":{"line":30,"column":39},"end":{"line":30,"column":127}},"type":"cond-expr","locations":[{"start":{"line":30,"column":89},"end":{"line":30,"column":120}},{"start":{"line":30,"column":123},"end":{"line":30,"column":127}}],"line":30},"10":{"loc":{"start":{"line":31,"column":23},"end":{"line":31,"column":79}},"type":"cond-expr","locations":[{"start":{"line":31,"column":57},"end":{"line":31,"column":72}},{"start":{"line":31,"column":75},"end":{"line":31,"column":79}}],"line":31},"11":{"loc":{"start":{"line":32,"column":27},"end":{"line":32,"column":89}},"type":"cond-expr","locations":[{"start":{"line":32,"column":65},"end":{"line":32,"column":84}},{"start":{"line":32,"column":87},"end":{"line":32,"column":89}}],"line":32},"12":{"loc":{"start":{"line":33,"column":19},"end":{"line":33,"column":67}},"type":"cond-expr","locations":[{"start":{"line":33,"column":49},"end":{"line":33,"column":60}},{"start":{"line":33,"column":63},"end":{"line":33,"column":67}}],"line":33},"13":{"loc":{"start":{"line":34,"column":20},"end":{"line":34,"column":68}},"type":"cond-expr","locations":[{"start":{"line":34,"column":51},"end":{"line":34,"column":63}},{"start":{"line":34,"column":66},"end":{"line":34,"column":68}}],"line":34},"14":{"loc":{"start":{"line":35,"column":33},"end":{"line":35,"column":109}},"type":"cond-expr","locations":[{"start":{"line":35,"column":77},"end":{"line":35,"column":102}},{"start":{"line":35,"column":105},"end":{"line":35,"column":109}}],"line":35},"15":{"loc":{"start":{"line":36,"column":23},"end":{"line":36,"column":79}},"type":"cond-expr","locations":[{"start":{"line":36,"column":57},"end":{"line":36,"column":72}},{"start":{"line":36,"column":75},"end":{"line":36,"column":79}}],"line":36},"16":{"loc":{"start":{"line":73,"column":8},"end":{"line":74,"column":27}},"type":"if","locations":[{"start":{"line":73,"column":8},"end":{"line":74,"column":27}},{"start":{"line":73,"column":8},"end":{"line":74,"column":27}}],"line":73},"17":{"loc":{"start":{"line":75,"column":8},"end":{"line":96,"column":9}},"type":"switch","locations":[{"start":{"line":76,"column":12},"end":{"line":77,"column":22}},{"start":{"line":78,"column":12},"end":{"line":81,"column":22}},{"start":{"line":82,"column":12},"end":{"line":85,"column":22}},{"start":{"line":86,"column":12},"end":{"line":91,"column":22}},{"start":{"line":92,"column":12},"end":{"line":93,"column":22}},{"start":{"line":94,"column":12},"end":{"line":95,"column":22}}],"line":75},"18":{"loc":{"start":{"line":79,"column":16},"end":{"line":80,"column":35}},"type":"if","locations":[{"start":{"line":79,"column":16},"end":{"line":80,"column":35}},{"start":{"line":79,"column":16},"end":{"line":80,"column":35}}],"line":79},"19":{"loc":{"start":{"line":83,"column":16},"end":{"line":84,"column":35}},"type":"if","locations":[{"start":{"line":83,"column":16},"end":{"line":84,"column":35}},{"start":{"line":83,"column":16},"end":{"line":84,"column":35}}],"line":83},"20":{"loc":{"start":{"line":87,"column":16},"end":{"line":88,"column":35}},"type":"if","locations":[{"start":{"line":87,"column":16},"end":{"line":88,"column":35}},{"start":{"line":87,"column":16},"end":{"line":88,"column":35}}],"line":87},"21":{"loc":{"start":{"line":89,"column":16},"end":{"line":90,"column":35}},"type":"if","locations":[{"start":{"line":89,"column":16},"end":{"line":90,"column":35}},{"start":{"line":89,"column":16},"end":{"line":90,"column":35}}],"line":89},"22":{"loc":{"start":{"line":106,"column":8},"end":{"line":108,"column":9}},"type":"if","locations":[{"start":{"line":106,"column":8},"end":{"line":108,"column":9}},{"start":{"line":106,"column":8},"end":{"line":108,"column":9}}],"line":106},"23":{"loc":{"start":{"line":110,"column":16},"end":{"line":112,"column":102}},"type":"binary-expr","locations":[{"start":{"line":110,"column":16},"end":{"line":110,"column":83}},{"start":{"line":111,"column":15},"end":{"line":111,"column":91}},{"start":{"line":112,"column":15},"end":{"line":112,"column":102}}],"line":110},"24":{"loc":{"start":{"line":122,"column":8},"end":{"line":123,"column":26}},"type":"if","locations":[{"start":{"line":122,"column":8},"end":{"line":123,"column":26}},{"start":{"line":122,"column":8},"end":{"line":123,"column":26}}],"line":122},"25":{"loc":{"start":{"line":125,"column":12},"end":{"line":126,"column":30}},"type":"if","locations":[{"start":{"line":125,"column":12},"end":{"line":126,"column":30}},{"start":{"line":125,"column":12},"end":{"line":126,"column":30}}],"line":125},"26":{"loc":{"start":{"line":125,"column":16},"end":{"line":125,"column":80}},"type":"binary-expr","locations":[{"start":{"line":125,"column":16},"end":{"line":125,"column":44}},{"start":{"line":125,"column":48},"end":{"line":125,"column":80}}],"line":125},"27":{"loc":{"start":{"line":139,"column":8},"end":{"line":140,"column":26}},"type":"if","locations":[{"start":{"line":139,"column":8},"end":{"line":140,"column":26}},{"start":{"line":139,"column":8},"end":{"line":140,"column":26}}],"line":139},"28":{"loc":{"start":{"line":164,"column":8},"end":{"line":165,"column":25}},"type":"if","locations":[{"start":{"line":164,"column":8},"end":{"line":165,"column":25}},{"start":{"line":164,"column":8},"end":{"line":165,"column":25}}],"line":164},"29":{"loc":{"start":{"line":188,"column":8},"end":{"line":191,"column":9}},"type":"if","locations":[{"start":{"line":188,"column":8},"end":{"line":191,"column":9}},{"start":{"line":188,"column":8},"end":{"line":191,"column":9}}],"line":188},"30":{"loc":{"start":{"line":188,"column":12},"end":{"line":189,"column":41}},"type":"binary-expr","locations":[{"start":{"line":188,"column":12},"end":{"line":188,"column":50}},{"start":{"line":189,"column":15},"end":{"line":189,"column":41}}],"line":188},"31":{"loc":{"start":{"line":207,"column":12},"end":{"line":221,"column":13}},"type":"if","locations":[{"start":{"line":207,"column":12},"end":{"line":221,"column":13}},{"start":{"line":207,"column":12},"end":{"line":221,"column":13}}],"line":207},"32":{"loc":{"start":{"line":223,"column":8},"end":{"line":225,"column":9}},"type":"if","locations":[{"start":{"line":223,"column":8},"end":{"line":225,"column":9}},{"start":{"line":223,"column":8},"end":{"line":225,"column":9}}],"line":223},"33":{"loc":{"start":{"line":243,"column":16},"end":{"line":257,"column":17}},"type":"if","locations":[{"start":{"line":243,"column":16},"end":{"line":257,"column":17}},{"start":{"line":243,"column":16},"end":{"line":257,"column":17}}],"line":243},"34":{"loc":{"start":{"line":269,"column":8},"end":{"line":273,"column":9}},"type":"if","locations":[{"start":{"line":269,"column":8},"end":{"line":273,"column":9}},{"start":{"line":269,"column":8},"end":{"line":273,"column":9}}],"line":269},"35":{"loc":{"start":{"line":269,"column":12},"end":{"line":271,"column":69}},"type":"binary-expr","locations":[{"start":{"line":269,"column":12},"end":{"line":269,"column":50}},{"start":{"line":270,"column":15},"end":{"line":270,"column":57}},{"start":{"line":271,"column":15},"end":{"line":271,"column":69}}],"line":269},"36":{"loc":{"start":{"line":289,"column":8},"end":{"line":290,"column":22}},"type":"if","locations":[{"start":{"line":289,"column":8},"end":{"line":290,"column":22}},{"start":{"line":289,"column":8},"end":{"line":290,"column":22}}],"line":289},"37":{"loc":{"start":{"line":302,"column":8},"end":{"line":306,"column":9}},"type":"if","locations":[{"start":{"line":302,"column":8},"end":{"line":306,"column":9}},{"start":{"line":302,"column":8},"end":{"line":306,"column":9}}],"line":302},"38":{"loc":{"start":{"line":302,"column":12},"end":{"line":304,"column":69}},"type":"binary-expr","locations":[{"start":{"line":302,"column":12},"end":{"line":302,"column":50}},{"start":{"line":303,"column":15},"end":{"line":303,"column":57}},{"start":{"line":304,"column":15},"end":{"line":304,"column":69}}],"line":302},"39":{"loc":{"start":{"line":311,"column":24},"end":{"line":311,"column":116}},"type":"binary-expr","locations":[{"start":{"line":311,"column":24},"end":{"line":311,"column":60}},{"start":{"line":311,"column":64},"end":{"line":311,"column":116}}],"line":311},"40":{"loc":{"start":{"line":313,"column":12},"end":{"line":314,"column":25}},"type":"if","locations":[{"start":{"line":313,"column":12},"end":{"line":314,"column":25}},{"start":{"line":313,"column":12},"end":{"line":314,"column":25}}],"line":313},"41":{"loc":{"start":{"line":316,"column":12},"end":{"line":343,"column":13}},"type":"if","locations":[{"start":{"line":316,"column":12},"end":{"line":343,"column":13}},{"start":{"line":316,"column":12},"end":{"line":343,"column":13}}],"line":316},"42":{"loc":{"start":{"line":319,"column":16},"end":{"line":329,"column":17}},"type":"if","locations":[{"start":{"line":319,"column":16},"end":{"line":329,"column":17}},{"start":{"line":319,"column":16},"end":{"line":329,"column":17}}],"line":319},"43":{"loc":{"start":{"line":346,"column":8},"end":{"line":348,"column":9}},"type":"if","locations":[{"start":{"line":346,"column":8},"end":{"line":348,"column":9}},{"start":{"line":346,"column":8},"end":{"line":348,"column":9}}],"line":346},"44":{"loc":{"start":{"line":346,"column":12},"end":{"line":346,"column":68}},"type":"binary-expr","locations":[{"start":{"line":346,"column":12},"end":{"line":346,"column":43}},{"start":{"line":346,"column":47},"end":{"line":346,"column":68}}],"line":346},"45":{"loc":{"start":{"line":354,"column":27},"end":{"line":356,"column":32}},"type":"cond-expr","locations":[{"start":{"line":355,"column":14},"end":{"line":355,"column":69}},{"start":{"line":356,"column":14},"end":{"line":356,"column":32}}],"line":354},"46":{"loc":{"start":{"line":354,"column":28},"end":{"line":354,"column":85}},"type":"binary-expr","locations":[{"start":{"line":354,"column":28},"end":{"line":354,"column":49}},{"start":{"line":354,"column":53},"end":{"line":354,"column":85}}],"line":354},"47":{"loc":{"start":{"line":357,"column":35},"end":{"line":359,"column":40}},"type":"cond-expr","locations":[{"start":{"line":358,"column":14},"end":{"line":358,"column":88}},{"start":{"line":359,"column":14},"end":{"line":359,"column":40}}],"line":357},"48":{"loc":{"start":{"line":357,"column":36},"end":{"line":357,"column":101}},"type":"binary-expr","locations":[{"start":{"line":357,"column":36},"end":{"line":357,"column":57}},{"start":{"line":357,"column":61},"end":{"line":357,"column":101}}],"line":357}},"s":{"0":1,"1":1,"2":1,"3":1,"4":1,"5":106,"6":13,"7":106,"8":106,"9":106,"10":106,"11":106,"12":106,"13":106,"14":106,"15":106,"16":106,"17":106,"18":106,"19":106,"20":106,"21":106,"22":24,"23":24,"24":21,"25":21,"26":6,"27":21,"28":3,"29":5,"30":2,"31":5,"32":6,"33":2,"34":6,"35":5,"36":2,"37":5,"38":3,"39":5,"40":1,"41":1,"42":21,"43":1,"44":0,"45":1,"46":1,"47":5,"48":5,"49":0,"50":5,"51":4,"52":2,"53":5,"54":12,"55":12,"56":12,"57":0,"58":12,"59":12,"60":12,"61":1,"62":3,"63":3,"64":3,"65":0,"66":3,"67":6,"68":3,"69":60,"70":4,"71":2,"72":2,"73":2,"74":2,"75":2,"76":2,"77":2,"78":1,"79":1,"80":1,"81":1,"82":1,"83":1,"84":1,"85":1,"86":6,"87":1,"88":5,"89":5,"90":5,"91":5,"92":11,"93":1,"94":10,"95":10,"96":10,"97":10,"98":8,"99":1,"100":7,"101":7,"102":7,"103":26,"104":47,"105":26,"106":10,"107":16,"108":10,"109":16,"110":10,"111":10,"112":10,"113":5,"114":5,"115":6,"116":16,"117":7,"118":1,"119":6,"120":6,"121":6,"122":6,"123":6,"124":6,"125":6,"126":6,"127":1,"128":1,"129":1,"130":1,"131":1,"132":1,"133":1},"f":{"0":106,"1":24,"2":21,"3":1,"4":5,"5":12,"6":1,"7":3,"8":60,"9":4,"10":6,"11":11,"12":8,"13":47,"14":10,"15":10},"b":{"0":[13,93],"1":[40,66],"2":[0,106],"3":[48,58],"4":[3,103],"5":[20,86],"6":[36,70],"7":[0,106],"8":[8,98],"9":[8,98],"10":[14,92],"11":[8,98],"12":[0,106],"13":[8,98],"14":[1,105],"15":[61,45],"16":[6,15],"17":[3,5,6,5,1,1],"18":[2,3],"19":[2,4],"20":[2,3],"21":[3,2],"22":[0,1],"23":[1,1,1],"24":[0,5],"25":[2,2],"26":[4,2],"27":[0,12],"28":[0,3],"29":[2,2],"30":[4,4],"31":[2,0],"32":[1,1],"33":[1,0],"34":[1,5],"35":[6,5,5],"36":[1,10],"37":[1,7],"38":[8,7,7],"39":[47,26],"40":[10,16],"41":[10,6],"42":[5,5],"43":[1,6],"44":[7,6],"45":[4,2],"46":[6,2],"47":[6,0],"48":[6,2]},"_coverageSchema":"332fd63041d2c1bcb487cc26dd0d5f7d97098a6c","hash":"5a57dc18063ff20047298849d58b9e7b8894ad8c","contentHash":"487618ed004eeff4f8030d7d5d00103b_11.4.0"},"C:\\xampp\\htdocs\\Workspace\\motionpicture\\SSKTS\\frontend\\app\\modules\\Purchase\\Mvtk\\MvtkUtilModule.js":{"path":"C:\\xampp\\htdocs\\Workspace\\motionpicture\\SSKTS\\frontend\\app\\modules\\Purchase\\Mvtk\\MvtkUtilModule.js","statementMap":{"0":{"start":{"line":6,"column":0},"end":{"line":6,"column":62}},"1":{"start":{"line":12,"column":0},"end":{"line":12,"column":32}}},"fnMap":{},"branchMap":{},"s":{"0":1,"1":1},"f":{},"b":{},"_coverageSchema":"332fd63041d2c1bcb487cc26dd0d5f7d97098a6c","hash":"60b71884bb1ef4f634633e17e2538ef533644a5d","contentHash":"f30c32adfb306dd351edb6386327e919_11.4.0"},"C:\\xampp\\htdocs\\Workspace\\motionpicture\\SSKTS\\frontend\\app\\modules\\Util\\UtilModule.js":{"path":"C:\\xampp\\htdocs\\Workspace\\motionpicture\\SSKTS\\frontend\\app\\modules\\Util\\UtilModule.js","statementMap":{"0":{"start":{"line":2,"column":16},"end":{"line":9,"column":1}},"1":{"start":{"line":3,"column":4},"end":{"line":8,"column":7}},"2":{"start":{"line":4,"column":36},"end":{"line":4,"column":97}},"3":{"start":{"line":4,"column":42},"end":{"line":4,"column":70}},"4":{"start":{"line":4,"column":85},"end":{"line":4,"column":95}},"5":{"start":{"line":5,"column":35},"end":{"line":5,"column":100}},"6":{"start":{"line":5,"column":41},"end":{"line":5,"column":73}},"7":{"start":{"line":5,"column":88},"end":{"line":5,"column":98}},"8":{"start":{"line":6,"column":32},"end":{"line":6,"column":149}},"9":{"start":{"line":6,"column":97},"end":{"line":6,"column":119}},"10":{"start":{"line":7,"column":8},"end":{"line":7,"column":78}},"11":{"start":{"line":10,"column":0},"end":{"line":10,"column":62}},"12":{"start":{"line":11,"column":15},"end":{"line":11,"column":32}},"13":{"start":{"line":22,"column":4},"end":{"line":22,"column":39}},"14":{"start":{"line":23,"column":4},"end":{"line":23,"column":41}},"15":{"start":{"line":24,"column":4},"end":{"line":24,"column":31}},"16":{"start":{"line":25,"column":4},"end":{"line":25,"column":39}},"17":{"start":{"line":26,"column":4},"end":{"line":26,"column":56}},"18":{"start":{"line":27,"column":4},"end":{"line":27,"column":42}},"19":{"start":{"line":28,"column":4},"end":{"line":28,"column":53}},"20":{"start":{"line":30,"column":4},"end":{"line":30,"column":52}},"21":{"start":{"line":31,"column":4},"end":{"line":31,"column":11}},"22":{"start":{"line":33,"column":0},"end":{"line":33,"column":30}},"23":{"start":{"line":42,"column":4},"end":{"line":42,"column":89}},"24":{"start":{"line":44,"column":0},"end":{"line":44,"column":22}},"25":{"start":{"line":54,"column":17},"end":{"line":54,"column":19}},"26":{"start":{"line":55,"column":17},"end":{"line":55,"column":77}},"27":{"start":{"line":56,"column":17},"end":{"line":56,"column":69}},"28":{"start":{"line":57,"column":20},"end":{"line":57,"column":54}},"29":{"start":{"line":58,"column":4},"end":{"line":58,"column":32}},"30":{"start":{"line":60,"column":0},"end":{"line":60,"column":32}},"31":{"start":{"line":69,"column":19},"end":{"line":79,"column":5}},"32":{"start":{"line":70,"column":27},"end":{"line":77,"column":9}},"33":{"start":{"line":78,"column":8},"end":{"line":78,"column":33}},"34":{"start":{"line":80,"column":4},"end":{"line":80,"column":44}},"35":{"start":{"line":82,"column":0},"end":{"line":82,"column":32}},"36":{"start":{"line":91,"column":4},"end":{"line":91,"column":68}},"37":{"start":{"line":93,"column":0},"end":{"line":93,"column":34}},"38":{"start":{"line":102,"column":4},"end":{"line":102,"column":46}},"39":{"start":{"line":104,"column":0},"end":{"line":104,"column":36}},"40":{"start":{"line":113,"column":4},"end":{"line":113,"column":48}},"41":{"start":{"line":115,"column":0},"end":{"line":115,"column":36}},"42":{"start":{"line":126,"column":4},"end":{"line":136,"column":7}},"43":{"start":{"line":127,"column":8},"end":{"line":135,"column":11}},"44":{"start":{"line":128,"column":12},"end":{"line":134,"column":15}},"45":{"start":{"line":129,"column":16},"end":{"line":132,"column":17}},"46":{"start":{"line":130,"column":20},"end":{"line":130,"column":32}},"47":{"start":{"line":131,"column":20},"end":{"line":131,"column":27}},"48":{"start":{"line":133,"column":16},"end":{"line":133,"column":30}},"49":{"start":{"line":138,"column":0},"end":{"line":138,"column":44}},"50":{"start":{"line":145,"column":0},"end":{"line":149,"column":53}},"51":{"start":{"line":146,"column":4},"end":{"line":146,"column":37}},"52":{"start":{"line":147,"column":4},"end":{"line":147,"column":37}},"53":{"start":{"line":148,"column":4},"end":{"line":148,"column":37}},"54":{"start":{"line":156,"column":0},"end":{"line":165,"column":47}},"55":{"start":{"line":160,"column":4},"end":{"line":160,"column":32}},"56":{"start":{"line":164,"column":4},"end":{"line":164,"column":28}},"57":{"start":{"line":173,"column":0},"end":{"line":186,"column":44}},"58":{"start":{"line":177,"column":4},"end":{"line":177,"column":39}},"59":{"start":{"line":181,"column":4},"end":{"line":181,"column":25}},"60":{"start":{"line":185,"column":4},"end":{"line":185,"column":37}}},"fnMap":{"0":{"name":"(anonymous_0)","decl":{"start":{"line":2,"column":44},"end":{"line":2,"column":45}},"loc":{"start":{"line":2,"column":89},"end":{"line":9,"column":1}},"line":2},"1":{"name":"(anonymous_1)","decl":{"start":{"line":3,"column":36},"end":{"line":3,"column":37}},"loc":{"start":{"line":3,"column":63},"end":{"line":8,"column":5}},"line":3},"2":{"name":"fulfilled","decl":{"start":{"line":4,"column":17},"end":{"line":4,"column":26}},"loc":{"start":{"line":4,"column":34},"end":{"line":4,"column":99}},"line":4},"3":{"name":"rejected","decl":{"start":{"line":5,"column":17},"end":{"line":5,"column":25}},"loc":{"start":{"line":5,"column":33},"end":{"line":5,"column":102}},"line":5},"4":{"name":"step","decl":{"start":{"line":6,"column":17},"end":{"line":6,"column":21}},"loc":{"start":{"line":6,"column":30},"end":{"line":6,"column":151}},"line":6},"5":{"name":"(anonymous_5)","decl":{"start":{"line":6,"column":76},"end":{"line":6,"column":77}},"loc":{"start":{"line":6,"column":95},"end":{"line":6,"column":121}},"line":6},"6":{"name":"setLocals","decl":{"start":{"line":21,"column":9},"end":{"line":21,"column":18}},"loc":{"start":{"line":21,"column":35},"end":{"line":32,"column":1}},"line":21},"7":{"name":"isApp","decl":{"start":{"line":41,"column":9},"end":{"line":41,"column":14}},"loc":{"start":{"line":41,"column":20},"end":{"line":43,"column":1}},"line":41},"8":{"name":"timeFormat","decl":{"start":{"line":53,"column":9},"end":{"line":53,"column":19}},"loc":{"start":{"line":53,"column":50},"end":{"line":59,"column":1}},"line":53},"9":{"name":"escapeHtml","decl":{"start":{"line":68,"column":9},"end":{"line":68,"column":19}},"loc":{"start":{"line":68,"column":25},"end":{"line":81,"column":1}},"line":68},"10":{"name":"(anonymous_10)","decl":{"start":{"line":69,"column":19},"end":{"line":69,"column":20}},"loc":{"start":{"line":69,"column":30},"end":{"line":79,"column":5}},"line":69},"11":{"name":"formatPrice","decl":{"start":{"line":90,"column":9},"end":{"line":90,"column":20}},"loc":{"start":{"line":90,"column":28},"end":{"line":92,"column":1}},"line":90},"12":{"name":"bace64Encode","decl":{"start":{"line":101,"column":9},"end":{"line":101,"column":21}},"loc":{"start":{"line":101,"column":27},"end":{"line":103,"column":1}},"line":101},"13":{"name":"base64Decode","decl":{"start":{"line":112,"column":9},"end":{"line":112,"column":21}},"loc":{"start":{"line":112,"column":27},"end":{"line":114,"column":1}},"line":112},"14":{"name":"getEmailTemplate","decl":{"start":{"line":125,"column":9},"end":{"line":125,"column":25}},"loc":{"start":{"line":125,"column":45},"end":{"line":137,"column":1}},"line":125},"15":{"name":"(anonymous_15)","decl":{"start":{"line":126,"column":43},"end":{"line":126,"column":44}},"loc":{"start":{"line":126,"column":56},"end":{"line":136,"column":5}},"line":126},"16":{"name":"(anonymous_16)","decl":{"start":{"line":127,"column":27},"end":{"line":127,"column":28}},"loc":{"start":{"line":127,"column":48},"end":{"line":135,"column":9}},"line":127},"17":{"name":"(anonymous_17)","decl":{"start":{"line":128,"column":37},"end":{"line":128,"column":38}},"loc":{"start":{"line":128,"column":52},"end":{"line":134,"column":13}},"line":128},"18":{"name":"(anonymous_18)","decl":{"start":{"line":145,"column":1},"end":{"line":145,"column":2}},"loc":{"start":{"line":145,"column":19},"end":{"line":149,"column":1}},"line":145},"19":{"name":"(anonymous_19)","decl":{"start":{"line":156,"column":1},"end":{"line":156,"column":2}},"loc":{"start":{"line":156,"column":17},"end":{"line":165,"column":1}},"line":156},"20":{"name":"(anonymous_20)","decl":{"start":{"line":173,"column":1},"end":{"line":173,"column":2}},"loc":{"start":{"line":173,"column":16},"end":{"line":186,"column":1}},"line":173}},"branchMap":{"0":{"loc":{"start":{"line":2,"column":16},"end":{"line":9,"column":1}},"type":"binary-expr","locations":[{"start":{"line":2,"column":17},"end":{"line":2,"column":21}},{"start":{"line":2,"column":25},"end":{"line":2,"column":39}},{"start":{"line":2,"column":44},"end":{"line":9,"column":1}}],"line":2},"1":{"loc":{"start":{"line":3,"column":16},"end":{"line":3,"column":34}},"type":"binary-expr","locations":[{"start":{"line":3,"column":16},"end":{"line":3,"column":17}},{"start":{"line":3,"column":22},"end":{"line":3,"column":33}}],"line":3},"2":{"loc":{"start":{"line":6,"column":32},"end":{"line":6,"column":148}},"type":"cond-expr","locations":[{"start":{"line":6,"column":46},"end":{"line":6,"column":67}},{"start":{"line":6,"column":70},"end":{"line":6,"column":148}}],"line":6},"3":{"loc":{"start":{"line":7,"column":51},"end":{"line":7,"column":67}},"type":"binary-expr","locations":[{"start":{"line":7,"column":51},"end":{"line":7,"column":61}},{"start":{"line":7,"column":65},"end":{"line":7,"column":67}}],"line":7},"4":{"loc":{"start":{"line":30,"column":26},"end":{"line":30,"column":51}},"type":"cond-expr","locations":[{"start":{"line":30,"column":41},"end":{"line":30,"column":46}},{"start":{"line":30,"column":49},"end":{"line":30,"column":51}}],"line":30},"5":{"loc":{"start":{"line":42,"column":12},"end":{"line":42,"column":87}},"type":"binary-expr","locations":[{"start":{"line":42,"column":12},"end":{"line":42,"column":37}},{"start":{"line":42,"column":41},"end":{"line":42,"column":87}}],"line":42},"6":{"loc":{"start":{"line":129,"column":16},"end":{"line":132,"column":17}},"type":"if","locations":[{"start":{"line":129,"column":16},"end":{"line":132,"column":17}},{"start":{"line":129,"column":16},"end":{"line":132,"column":17}}],"line":129},"7":{"loc":{"start":{"line":149,"column":12},"end":{"line":149,"column":51}},"type":"binary-expr","locations":[{"start":{"line":149,"column":12},"end":{"line":149,"column":26}},{"start":{"line":149,"column":31},"end":{"line":149,"column":50}}],"line":149},"8":{"loc":{"start":{"line":165,"column":10},"end":{"line":165,"column":45}},"type":"binary-expr","locations":[{"start":{"line":165,"column":10},"end":{"line":165,"column":22}},{"start":{"line":165,"column":27},"end":{"line":165,"column":44}}],"line":165},"9":{"loc":{"start":{"line":186,"column":9},"end":{"line":186,"column":42}},"type":"binary-expr","locations":[{"start":{"line":186,"column":9},"end":{"line":186,"column":20}},{"start":{"line":186,"column":25},"end":{"line":186,"column":41}}],"line":186}},"s":{"0":1,"1":3,"2":0,"3":0,"4":0,"5":0,"6":0,"7":0,"8":3,"9":0,"10":3,"11":1,"12":1,"13":1,"14":1,"15":1,"16":1,"17":1,"18":1,"19":1,"20":1,"21":1,"22":1,"23":4,"24":1,"25":9,"26":9,"27":9,"28":9,"29":9,"30":1,"31":1,"32":4,"33":4,"34":1,"35":1,"36":1,"37":1,"38":2,"39":1,"40":7,"41":1,"42":3,"43":3,"44":3,"45":0,"46":0,"47":0,"48":0,"49":1,"50":1,"51":1,"52":1,"53":1,"54":1,"55":1,"56":1,"57":1,"58":1,"59":1,"60":1},"f":{"0":3,"1":3,"2":0,"3":0,"4":3,"5":0,"6":1,"7":4,"8":9,"9":1,"10":4,"11":1,"12":2,"13":7,"14":3,"15":3,"16":3,"17":0,"18":1,"19":1,"20":1},"b":{"0":[1,1,1],"1":[3,3],"2":[3,0],"3":[3,3],"4":[0,1],"5":[4,2],"6":[0,0],"7":[1,1],"8":[1,1],"9":[1,1]},"_coverageSchema":"332fd63041d2c1bcb487cc26dd0d5f7d97098a6c","hash":"de78fd356d05d1c96499eebad6d26b6232dc8d30","contentHash":"af1868764def21b8acfa4681d7a0a7c3_11.4.0"},"C:\\xampp\\htdocs\\Workspace\\motionpicture\\SSKTS\\frontend\\app\\modules\\Auth\\SignInModule.js":{"path":"C:\\xampp\\htdocs\\Workspace\\motionpicture\\SSKTS\\frontend\\app\\modules\\Auth\\SignInModule.js","statementMap":{"0":{"start":{"line":2,"column":16},"end":{"line":9,"column":1}},"1":{"start":{"line":3,"column":4},"end":{"line":8,"column":7}},"2":{"start":{"line":4,"column":36},"end":{"line":4,"column":97}},"3":{"start":{"line":4,"column":42},"end":{"line":4,"column":70}},"4":{"start":{"line":4,"column":85},"end":{"line":4,"column":95}},"5":{"start":{"line":5,"column":35},"end":{"line":5,"column":100}},"6":{"start":{"line":5,"column":41},"end":{"line":5,"column":73}},"7":{"start":{"line":5,"column":88},"end":{"line":5,"column":98}},"8":{"start":{"line":6,"column":32},"end":{"line":6,"column":149}},"9":{"start":{"line":6,"column":97},"end":{"line":6,"column":119}},"10":{"start":{"line":7,"column":8},"end":{"line":7,"column":78}},"11":{"start":{"line":10,"column":0},"end":{"line":10,"column":62}},"12":{"start":{"line":11,"column":14},"end":{"line":11,"column":30}},"13":{"start":{"line":12,"column":19},"end":{"line":12,"column":41}},"14":{"start":{"line":13,"column":13},"end":{"line":13,"column":28}},"15":{"start":{"line":14,"column":20},"end":{"line":14,"column":58}},"16":{"start":{"line":15,"column":26},"end":{"line":15,"column":60}},"17":{"start":{"line":16,"column":12},"end":{"line":16,"column":39}},"18":{"start":{"line":27,"column":4},"end":{"line":74,"column":7}},"19":{"start":{"line":28,"column":8},"end":{"line":73,"column":9}},"20":{"start":{"line":29,"column":12},"end":{"line":68,"column":13}},"21":{"start":{"line":31,"column":31},"end":{"line":40,"column":17}},"22":{"start":{"line":41,"column":34},"end":{"line":46,"column":18}},"23":{"start":{"line":47,"column":29},"end":{"line":47,"column":47}},"24":{"start":{"line":48,"column":32},"end":{"line":52,"column":18}},"25":{"start":{"line":53,"column":16},"end":{"line":53,"column":31}},"26":{"start":{"line":54,"column":16},"end":{"line":54,"column":44}},"27":{"start":{"line":55,"column":16},"end":{"line":55,"column":38}},"28":{"start":{"line":59,"column":16},"end":{"line":60,"column":119}},"29":{"start":{"line":60,"column":20},"end":{"line":60,"column":119}},"30":{"start":{"line":61,"column":34},"end":{"line":61,"column":77}},"31":{"start":{"line":62,"column":16},"end":{"line":63,"column":119}},"32":{"start":{"line":63,"column":20},"end":{"line":63,"column":119}},"33":{"start":{"line":64,"column":29},"end":{"line":64,"column":47}},"34":{"start":{"line":65,"column":16},"end":{"line":65,"column":100}},"35":{"start":{"line":66,"column":16},"end":{"line":66,"column":44}},"36":{"start":{"line":67,"column":16},"end":{"line":67,"column":87}},"37":{"start":{"line":71,"column":12},"end":{"line":71,"column":22}},"38":{"start":{"line":72,"column":12},"end":{"line":72,"column":19}},"39":{"start":{"line":76,"column":0},"end":{"line":76,"column":22}}},"fnMap":{"0":{"name":"(anonymous_0)","decl":{"start":{"line":2,"column":44},"end":{"line":2,"column":45}},"loc":{"start":{"line":2,"column":89},"end":{"line":9,"column":1}},"line":2},"1":{"name":"(anonymous_1)","decl":{"start":{"line":3,"column":36},"end":{"line":3,"column":37}},"loc":{"start":{"line":3,"column":63},"end":{"line":8,"column":5}},"line":3},"2":{"name":"fulfilled","decl":{"start":{"line":4,"column":17},"end":{"line":4,"column":26}},"loc":{"start":{"line":4,"column":34},"end":{"line":4,"column":99}},"line":4},"3":{"name":"rejected","decl":{"start":{"line":5,"column":17},"end":{"line":5,"column":25}},"loc":{"start":{"line":5,"column":33},"end":{"line":5,"column":102}},"line":5},"4":{"name":"step","decl":{"start":{"line":6,"column":17},"end":{"line":6,"column":21}},"loc":{"start":{"line":6,"column":30},"end":{"line":6,"column":151}},"line":6},"5":{"name":"(anonymous_5)","decl":{"start":{"line":6,"column":76},"end":{"line":6,"column":77}},"loc":{"start":{"line":6,"column":95},"end":{"line":6,"column":121}},"line":6},"6":{"name":"index","decl":{"start":{"line":26,"column":9},"end":{"line":26,"column":14}},"loc":{"start":{"line":26,"column":31},"end":{"line":75,"column":1}},"line":26},"7":{"name":"(anonymous_7)","decl":{"start":{"line":27,"column":43},"end":{"line":27,"column":44}},"loc":{"start":{"line":27,"column":56},"end":{"line":74,"column":5}},"line":27}},"branchMap":{"0":{"loc":{"start":{"line":2,"column":16},"end":{"line":9,"column":1}},"type":"binary-expr","locations":[{"start":{"line":2,"column":17},"end":{"line":2,"column":21}},{"start":{"line":2,"column":25},"end":{"line":2,"column":39}},{"start":{"line":2,"column":44},"end":{"line":9,"column":1}}],"line":2},"1":{"loc":{"start":{"line":3,"column":16},"end":{"line":3,"column":34}},"type":"binary-expr","locations":[{"start":{"line":3,"column":16},"end":{"line":3,"column":17}},{"start":{"line":3,"column":22},"end":{"line":3,"column":33}}],"line":3},"2":{"loc":{"start":{"line":6,"column":32},"end":{"line":6,"column":148}},"type":"cond-expr","locations":[{"start":{"line":6,"column":46},"end":{"line":6,"column":67}},{"start":{"line":6,"column":70},"end":{"line":6,"column":148}}],"line":6},"3":{"loc":{"start":{"line":7,"column":51},"end":{"line":7,"column":67}},"type":"binary-expr","locations":[{"start":{"line":7,"column":51},"end":{"line":7,"column":61}},{"start":{"line":7,"column":65},"end":{"line":7,"column":67}}],"line":7},"4":{"loc":{"start":{"line":29,"column":12},"end":{"line":68,"column":13}},"type":"if","locations":[{"start":{"line":29,"column":12},"end":{"line":68,"column":13}},{"start":{"line":29,"column":12},"end":{"line":68,"column":13}}],"line":29},"5":{"loc":{"start":{"line":29,"column":16},"end":{"line":29,"column":77}},"type":"binary-expr","locations":[{"start":{"line":29,"column":16},"end":{"line":29,"column":44}},{"start":{"line":29,"column":48},"end":{"line":29,"column":77}}],"line":29},"6":{"loc":{"start":{"line":59,"column":16},"end":{"line":60,"column":119}},"type":"if","locations":[{"start":{"line":59,"column":16},"end":{"line":60,"column":119}},{"start":{"line":59,"column":16},"end":{"line":60,"column":119}}],"line":59},"7":{"loc":{"start":{"line":62,"column":16},"end":{"line":63,"column":119}},"type":"if","locations":[{"start":{"line":62,"column":16},"end":{"line":63,"column":119}},{"start":{"line":62,"column":16},"end":{"line":63,"column":119}}],"line":62}},"s":{"0":1,"1":4,"2":1,"3":1,"4":0,"5":0,"6":0,"7":0,"8":5,"9":1,"10":4,"11":1,"12":1,"13":1,"14":1,"15":1,"16":1,"17":1,"18":4,"19":4,"20":4,"21":1,"22":1,"23":1,"24":1,"25":1,"26":1,"27":1,"28":3,"29":1,"30":2,"31":2,"32":1,"33":1,"34":1,"35":1,"36":1,"37":2,"38":2,"39":1},"f":{"0":4,"1":4,"2":1,"3":0,"4":5,"5":1,"6":4,"7":4},"b":{"0":[1,1,1],"1":[4,4],"2":[4,1],"3":[4,4],"4":[1,3],"5":[4,1],"6":[1,2],"7":[1,1]},"_coverageSchema":"332fd63041d2c1bcb487cc26dd0d5f7d97098a6c","hash":"6234871b8539b6226527d399257efd3ff30b07ef","contentHash":"3f2aaab2a97108d8c74944b3d4c2ede2_11.4.0"},"C:\\xampp\\htdocs\\Workspace\\motionpicture\\SSKTS\\frontend\\app\\modules\\Util\\ErrorUtilModule.js":{"path":"C:\\xampp\\htdocs\\Workspace\\motionpicture\\SSKTS\\frontend\\app\\modules\\Util\\ErrorUtilModule.js","statementMap":{"0":{"start":{"line":2,"column":0},"end":{"line":2,"column":62}},"1":{"start":{"line":7,"column":19},"end":{"line":7,"column":41}},"2":{"start":{"line":9,"column":0},"end":{"line":34,"column":62}},"3":{"start":{"line":13,"column":4},"end":{"line":13,"column":34}},"4":{"start":{"line":17,"column":4},"end":{"line":17,"column":32}},"5":{"start":{"line":21,"column":4},"end":{"line":21,"column":33}},"6":{"start":{"line":25,"column":4},"end":{"line":25,"column":36}},"7":{"start":{"line":29,"column":4},"end":{"line":29,"column":32}},"8":{"start":{"line":33,"column":4},"end":{"line":33,"column":40}},"9":{"start":{"line":43,"column":8},"end":{"line":51,"column":9}},"10":{"start":{"line":44,"column":12},"end":{"line":50,"column":48}},"11":{"start":{"line":52,"column":8},"end":{"line":52,"column":23}},"12":{"start":{"line":53,"column":8},"end":{"line":53,"column":25}},"13":{"start":{"line":54,"column":8},"end":{"line":54,"column":35}},"14":{"start":{"line":55,"column":8},"end":{"line":57,"column":10}},"15":{"start":{"line":60,"column":0},"end":{"line":60,"column":28}}},"fnMap":{"0":{"name":"(anonymous_0)","decl":{"start":{"line":9,"column":1},"end":{"line":9,"column":2}},"loc":{"start":{"line":9,"column":22},"end":{"line":34,"column":1}},"line":9},"1":{"name":"(anonymous_1)","decl":{"start":{"line":42,"column":4},"end":{"line":42,"column":5}},"loc":{"start":{"line":42,"column":42},"end":{"line":58,"column":5}},"line":42}},"branchMap":{"0":{"loc":{"start":{"line":34,"column":15},"end":{"line":34,"column":60}},"type":"binary-expr","locations":[{"start":{"line":34,"column":15},"end":{"line":34,"column":32}},{"start":{"line":34,"column":37},"end":{"line":34,"column":59}}],"line":34},"1":{"loc":{"start":{"line":43,"column":8},"end":{"line":51,"column":9}},"type":"if","locations":[{"start":{"line":43,"column":8},"end":{"line":51,"column":9}},{"start":{"line":43,"column":8},"end":{"line":51,"column":9}}],"line":43},"2":{"loc":{"start":{"line":44,"column":22},"end":{"line":50,"column":47}},"type":"cond-expr","locations":[{"start":{"line":44,"column":59},"end":{"line":44,"column":75}},{"start":{"line":45,"column":18},"end":{"line":50,"column":47}}],"line":44},"3":{"loc":{"start":{"line":45,"column":18},"end":{"line":50,"column":47}},"type":"cond-expr","locations":[{"start":{"line":45,"column":53},"end":{"line":45,"column":67}},{"start":{"line":46,"column":22},"end":{"line":50,"column":47}}],"line":45},"4":{"loc":{"start":{"line":46,"column":22},"end":{"line":50,"column":47}},"type":"cond-expr","locations":[{"start":{"line":46,"column":58},"end":{"line":46,"column":73}},{"start":{"line":47,"column":26},"end":{"line":50,"column":47}}],"line":46},"5":{"loc":{"start":{"line":47,"column":26},"end":{"line":50,"column":47}},"type":"cond-expr","locations":[{"start":{"line":47,"column":65},"end":{"line":47,"column":83}},{"start":{"line":48,"column":30},"end":{"line":50,"column":47}}],"line":47},"6":{"loc":{"start":{"line":48,"column":30},"end":{"line":50,"column":47}},"type":"cond-expr","locations":[{"start":{"line":48,"column":65},"end":{"line":48,"column":79}},{"start":{"line":49,"column":34},"end":{"line":50,"column":47}}],"line":48},"7":{"loc":{"start":{"line":49,"column":34},"end":{"line":50,"column":47}},"type":"cond-expr","locations":[{"start":{"line":49,"column":77},"end":{"line":49,"column":100}},{"start":{"line":50,"column":38},"end":{"line":50,"column":47}}],"line":49}},"s":{"0":1,"1":1,"2":1,"3":1,"4":1,"5":1,"6":1,"7":1,"8":1,"9":86,"10":83,"11":86,"12":86,"13":86,"14":86,"15":1},"f":{"0":1,"1":86},"b":{"0":[1,1],"1":[83,3],"2":[57,26],"3":[7,19],"4":[0,19],"5":[2,17],"6":[14,3],"7":[3,0]},"_coverageSchema":"332fd63041d2c1bcb487cc26dd0d5f7d97098a6c","hash":"6c62dc6d44e5909c8c55e05e25cdde1935ae93d8","contentHash":"e7fe71e254b94d648748f45a18909a96_11.4.0"},"C:\\xampp\\htdocs\\Workspace\\motionpicture\\SSKTS\\frontend\\app\\middlewares\\logger.js":{"path":"C:\\xampp\\htdocs\\Workspace\\motionpicture\\SSKTS\\frontend\\app\\middlewares\\logger.js","statementMap":{"0":{"start":{"line":2,"column":0},"end":{"line":2,"column":62}},"1":{"start":{"line":8,"column":16},"end":{"line":8,"column":34}},"2":{"start":{"line":9,"column":0},"end":{"line":16,"column":3}}},"fnMap":{},"branchMap":{},"s":{"0":1,"1":1,"2":1},"f":{},"b":{},"_coverageSchema":"332fd63041d2c1bcb487cc26dd0d5f7d97098a6c","hash":"6622f5416f254aa379e65ca565ae484dd148e20b","contentHash":"04bc4439a00d7e6768edfa62594e98e7_11.4.0"},"C:\\xampp\\htdocs\\Workspace\\motionpicture\\SSKTS\\frontend\\app\\modules\\Error\\ErrorModule.js":{"path":"C:\\xampp\\htdocs\\Workspace\\motionpicture\\SSKTS\\frontend\\app\\modules\\Error\\ErrorModule.js","statementMap":{"0":{"start":{"line":2,"column":0},"end":{"line":2,"column":62}},"1":{"start":{"line":3,"column":14},"end":{"line":3,"column":30}},"2":{"start":{"line":4,"column":19},"end":{"line":4,"column":41}},"3":{"start":{"line":5,"column":17},"end":{"line":5,"column":52}},"4":{"start":{"line":6,"column":26},"end":{"line":6,"column":60}},"5":{"start":{"line":7,"column":12},"end":{"line":7,"column":44}},"6":{"start":{"line":17,"column":19},"end":{"line":17,"column":39}},"7":{"start":{"line":18,"column":4},"end":{"line":23,"column":5}},"8":{"start":{"line":19,"column":8},"end":{"line":19,"column":57}},"9":{"start":{"line":22,"column":8},"end":{"line":22,"column":52}},"10":{"start":{"line":24,"column":4},"end":{"line":24,"column":11}},"11":{"start":{"line":26,"column":0},"end":{"line":26,"column":40}},"12":{"start":{"line":37,"column":17},"end":{"line":37,"column":49}},"13":{"start":{"line":38,"column":14},"end":{"line":38,"column":25}},"14":{"start":{"line":39,"column":4},"end":{"line":72,"column":5}},"15":{"start":{"line":40,"column":8},"end":{"line":61,"column":9}},"16":{"start":{"line":42,"column":16},"end":{"line":42,"column":56}},"17":{"start":{"line":43,"column":16},"end":{"line":43,"column":22}},"18":{"start":{"line":45,"column":16},"end":{"line":45,"column":58}},"19":{"start":{"line":46,"column":16},"end":{"line":46,"column":22}},"20":{"start":{"line":48,"column":16},"end":{"line":48,"column":55}},"21":{"start":{"line":49,"column":16},"end":{"line":49,"column":22}},"22":{"start":{"line":51,"column":16},"end":{"line":51,"column":54}},"23":{"start":{"line":52,"column":16},"end":{"line":52,"column":22}},"24":{"start":{"line":54,"column":16},"end":{"line":54,"column":64}},"25":{"start":{"line":55,"column":16},"end":{"line":55,"column":90}},"26":{"start":{"line":56,"column":16},"end":{"line":56,"column":22}},"27":{"start":{"line":58,"column":16},"end":{"line":58,"column":65}},"28":{"start":{"line":59,"column":16},"end":{"line":59,"column":90}},"29":{"start":{"line":60,"column":16},"end":{"line":60,"column":22}},"30":{"start":{"line":62,"column":8},"end":{"line":64,"column":9}},"31":{"start":{"line":63,"column":12},"end":{"line":63,"column":48}},"32":{"start":{"line":65,"column":8},"end":{"line":65,"column":26}},"33":{"start":{"line":68,"column":8},"end":{"line":68,"column":21}},"34":{"start":{"line":69,"column":8},"end":{"line":69,"column":50}},"35":{"start":{"line":70,"column":8},"end":{"line":70,"column":57}},"36":{"start":{"line":71,"column":8},"end":{"line":71,"column":91}},"37":{"start":{"line":73,"column":4},"end":{"line":73,"column":31}},"38":{"start":{"line":82,"column":4},"end":{"line":89,"column":5}},"39":{"start":{"line":83,"column":8},"end":{"line":83,"column":64}},"40":{"start":{"line":86,"column":8},"end":{"line":86,"column":33}},"41":{"start":{"line":87,"column":8},"end":{"line":87,"column":31}},"42":{"start":{"line":88,"column":8},"end":{"line":88,"column":49}},"43":{"start":{"line":90,"column":4},"end":{"line":90,"column":11}},"44":{"start":{"line":92,"column":0},"end":{"line":92,"column":34}},"45":{"start":{"line":99,"column":4},"end":{"line":104,"column":5}},"46":{"start":{"line":100,"column":8},"end":{"line":100,"column":32}},"47":{"start":{"line":101,"column":8},"end":{"line":101,"column":28}},"48":{"start":{"line":102,"column":8},"end":{"line":102,"column":32}},"49":{"start":{"line":103,"column":8},"end":{"line":103,"column":28}},"50":{"start":{"line":106,"column":0},"end":{"line":106,"column":38}}},"fnMap":{"0":{"name":"notFoundRender","decl":{"start":{"line":16,"column":9},"end":{"line":16,"column":23}},"loc":{"start":{"line":16,"column":37},"end":{"line":25,"column":1}},"line":16},"1":{"name":"errorRender","decl":{"start":{"line":36,"column":9},"end":{"line":36,"column":20}},"loc":{"start":{"line":36,"column":39},"end":{"line":91,"column":1}},"line":36},"2":{"name":"deleteSession","decl":{"start":{"line":98,"column":9},"end":{"line":98,"column":22}},"loc":{"start":{"line":98,"column":32},"end":{"line":105,"column":1}},"line":98}},"branchMap":{"0":{"loc":{"start":{"line":18,"column":4},"end":{"line":23,"column":5}},"type":"if","locations":[{"start":{"line":18,"column":4},"end":{"line":23,"column":5}},{"start":{"line":18,"column":4},"end":{"line":23,"column":5}}],"line":18},"1":{"loc":{"start":{"line":39,"column":4},"end":{"line":72,"column":5}},"type":"if","locations":[{"start":{"line":39,"column":4},"end":{"line":72,"column":5}},{"start":{"line":39,"column":4},"end":{"line":72,"column":5}}],"line":39},"2":{"loc":{"start":{"line":40,"column":8},"end":{"line":61,"column":9}},"type":"switch","locations":[{"start":{"line":41,"column":12},"end":{"line":43,"column":22}},{"start":{"line":44,"column":12},"end":{"line":46,"column":22}},{"start":{"line":47,"column":12},"end":{"line":49,"column":22}},{"start":{"line":50,"column":12},"end":{"line":52,"column":22}},{"start":{"line":53,"column":12},"end":{"line":56,"column":22}},{"start":{"line":57,"column":12},"end":{"line":60,"column":22}}],"line":40},"3":{"loc":{"start":{"line":62,"column":8},"end":{"line":64,"column":9}},"type":"if","locations":[{"start":{"line":62,"column":8},"end":{"line":64,"column":9}},{"start":{"line":62,"column":8},"end":{"line":64,"column":9}}],"line":62},"4":{"loc":{"start":{"line":62,"column":12},"end":{"line":62,"column":95}},"type":"binary-expr","locations":[{"start":{"line":62,"column":12},"end":{"line":62,"column":39}},{"start":{"line":62,"column":43},"end":{"line":62,"column":95}}],"line":62},"5":{"loc":{"start":{"line":82,"column":4},"end":{"line":89,"column":5}},"type":"if","locations":[{"start":{"line":82,"column":4},"end":{"line":89,"column":5}},{"start":{"line":82,"column":4},"end":{"line":89,"column":5}}],"line":82},"6":{"loc":{"start":{"line":99,"column":4},"end":{"line":104,"column":5}},"type":"if","locations":[{"start":{"line":99,"column":4},"end":{"line":104,"column":5}},{"start":{"line":99,"column":4},"end":{"line":104,"column":5}}],"line":99}},"s":{"0":1,"1":1,"2":1,"3":1,"4":1,"5":1,"6":2,"7":2,"8":1,"9":1,"10":2,"11":1,"12":13,"13":13,"14":13,"15":12,"16":7,"17":7,"18":1,"19":1,"20":1,"21":1,"22":1,"23":1,"24":1,"25":1,"26":1,"27":1,"28":1,"29":1,"30":12,"31":1,"32":12,"33":1,"34":1,"35":1,"36":1,"37":13,"38":13,"39":1,"40":12,"41":12,"42":12,"43":13,"44":1,"45":13,"46":13,"47":13,"48":13,"49":13,"50":1},"f":{"0":2,"1":13,"2":13},"b":{"0":[1,1],"1":[12,1],"2":[7,1,1,1,1,1],"3":[1,11],"4":[12,6],"5":[1,12],"6":[13,0]},"_coverageSchema":"332fd63041d2c1bcb487cc26dd0d5f7d97098a6c","hash":"209f955d3f63ef28dbfd6578b7d5ee04b0e36520","contentHash":"99697a362fe548d002d3c5355108539e_11.4.0"},"C:\\xampp\\htdocs\\Workspace\\motionpicture\\SSKTS\\frontend\\app\\modules\\Fixed\\FixedModule.js":{"path":"C:\\xampp\\htdocs\\Workspace\\motionpicture\\SSKTS\\frontend\\app\\modules\\Fixed\\FixedModule.js","statementMap":{"0":{"start":{"line":2,"column":16},"end":{"line":9,"column":1}},"1":{"start":{"line":3,"column":4},"end":{"line":8,"column":7}},"2":{"start":{"line":4,"column":36},"end":{"line":4,"column":97}},"3":{"start":{"line":4,"column":42},"end":{"line":4,"column":70}},"4":{"start":{"line":4,"column":85},"end":{"line":4,"column":95}},"5":{"start":{"line":5,"column":35},"end":{"line":5,"column":100}},"6":{"start":{"line":5,"column":41},"end":{"line":5,"column":73}},"7":{"start":{"line":5,"column":88},"end":{"line":5,"column":98}},"8":{"start":{"line":6,"column":32},"end":{"line":6,"column":149}},"9":{"start":{"line":6,"column":97},"end":{"line":6,"column":119}},"10":{"start":{"line":7,"column":8},"end":{"line":7,"column":78}},"11":{"start":{"line":10,"column":0},"end":{"line":10,"column":62}},"12":{"start":{"line":15,"column":15},"end":{"line":15,"column":64}},"13":{"start":{"line":16,"column":14},"end":{"line":16,"column":30}},"14":{"start":{"line":17,"column":19},"end":{"line":17,"column":41}},"15":{"start":{"line":18,"column":15},"end":{"line":18,"column":32}},"16":{"start":{"line":19,"column":20},"end":{"line":19,"column":60}},"17":{"start":{"line":20,"column":20},"end":{"line":20,"column":58}},"18":{"start":{"line":21,"column":23},"end":{"line":21,"column":67}},"19":{"start":{"line":22,"column":26},"end":{"line":22,"column":60}},"20":{"start":{"line":23,"column":19},"end":{"line":23,"column":48}},"21":{"start":{"line":24,"column":12},"end":{"line":24,"column":44}},"22":{"start":{"line":33,"column":4},"end":{"line":50,"column":7}},"23":{"start":{"line":34,"column":8},"end":{"line":49,"column":9}},"24":{"start":{"line":35,"column":12},"end":{"line":36,"column":115}},"25":{"start":{"line":36,"column":16},"end":{"line":36,"column":115}},"26":{"start":{"line":37,"column":30},"end":{"line":37,"column":57}},"27":{"start":{"line":38,"column":28},"end":{"line":41,"column":13}},"28":{"start":{"line":42,"column":34},"end":{"line":42,"column":98}},"29":{"start":{"line":43,"column":12},"end":{"line":43,"column":50}},"30":{"start":{"line":44,"column":12},"end":{"line":44,"column":53}},"31":{"start":{"line":45,"column":12},"end":{"line":45,"column":40}},"32":{"start":{"line":48,"column":12},"end":{"line":48,"column":22}},"33":{"start":{"line":52,"column":0},"end":{"line":52,"column":38}},"34":{"start":{"line":61,"column":4},"end":{"line":61,"column":29}},"35":{"start":{"line":63,"column":0},"end":{"line":63,"column":32}},"36":{"start":{"line":73,"column":4},"end":{"line":113,"column":7}},"37":{"start":{"line":74,"column":8},"end":{"line":112,"column":9}},"38":{"start":{"line":75,"column":12},"end":{"line":76,"column":115}},"39":{"start":{"line":76,"column":16},"end":{"line":76,"column":115}},"40":{"start":{"line":77,"column":30},"end":{"line":77,"column":73}},"41":{"start":{"line":78,"column":28},"end":{"line":81,"column":13}},"42":{"start":{"line":82,"column":12},"end":{"line":82,"column":37}},"43":{"start":{"line":83,"column":37},"end":{"line":83,"column":68}},"44":{"start":{"line":84,"column":12},"end":{"line":107,"column":13}},"45":{"start":{"line":85,"column":37},"end":{"line":85,"column":70}},"46":{"start":{"line":86,"column":16},"end":{"line":88,"column":19}},"47":{"start":{"line":89,"column":16},"end":{"line":89,"column":73}},"48":{"start":{"line":90,"column":16},"end":{"line":91,"column":119}},"49":{"start":{"line":91,"column":20},"end":{"line":91,"column":119}},"50":{"start":{"line":92,"column":16},"end":{"line":95,"column":18}},"51":{"start":{"line":96,"column":16},"end":{"line":100,"column":19}},"52":{"start":{"line":101,"column":16},"end":{"line":102,"column":119}},"53":{"start":{"line":102,"column":20},"end":{"line":102,"column":119}},"54":{"start":{"line":104,"column":37},"end":{"line":104,"column":74}},"55":{"start":{"line":105,"column":16},"end":{"line":105,"column":51}},"56":{"start":{"line":106,"column":16},"end":{"line":106,"column":23}},"57":{"start":{"line":108,"column":12},"end":{"line":108,"column":39}},"58":{"start":{"line":111,"column":12},"end":{"line":111,"column":39}},"59":{"start":{"line":115,"column":0},"end":{"line":115,"column":40}},"60":{"start":{"line":124,"column":4},"end":{"line":126,"column":107}},"61":{"start":{"line":126,"column":8},"end":{"line":126,"column":107}},"62":{"start":{"line":127,"column":22},"end":{"line":127,"column":75}},"63":{"start":{"line":128,"column":24},"end":{"line":128,"column":78}},"64":{"start":{"line":129,"column":4},"end":{"line":147,"column":7}},"65":{"start":{"line":130,"column":8},"end":{"line":133,"column":111}},"66":{"start":{"line":133,"column":12},"end":{"line":133,"column":111}},"67":{"start":{"line":134,"column":8},"end":{"line":146,"column":10}},"68":{"start":{"line":149,"column":0},"end":{"line":149,"column":58}}},"fnMap":{"0":{"name":"(anonymous_0)","decl":{"start":{"line":2,"column":44},"end":{"line":2,"column":45}},"loc":{"start":{"line":2,"column":89},"end":{"line":9,"column":1}},"line":2},"1":{"name":"(anonymous_1)","decl":{"start":{"line":3,"column":36},"end":{"line":3,"column":37}},"loc":{"start":{"line":3,"column":63},"end":{"line":8,"column":5}},"line":3},"2":{"name":"fulfilled","decl":{"start":{"line":4,"column":17},"end":{"line":4,"column":26}},"loc":{"start":{"line":4,"column":34},"end":{"line":4,"column":99}},"line":4},"3":{"name":"rejected","decl":{"start":{"line":5,"column":17},"end":{"line":5,"column":25}},"loc":{"start":{"line":5,"column":33},"end":{"line":5,"column":102}},"line":5},"4":{"name":"step","decl":{"start":{"line":6,"column":17},"end":{"line":6,"column":21}},"loc":{"start":{"line":6,"column":30},"end":{"line":6,"column":151}},"line":6},"5":{"name":"(anonymous_5)","decl":{"start":{"line":6,"column":76},"end":{"line":6,"column":77}},"loc":{"start":{"line":6,"column":95},"end":{"line":6,"column":121}},"line":6},"6":{"name":"settingRender","decl":{"start":{"line":32,"column":9},"end":{"line":32,"column":22}},"loc":{"start":{"line":32,"column":39},"end":{"line":51,"column":1}},"line":32},"7":{"name":"(anonymous_7)","decl":{"start":{"line":33,"column":43},"end":{"line":33,"column":44}},"loc":{"start":{"line":33,"column":56},"end":{"line":50,"column":5}},"line":33},"8":{"name":"stopRender","decl":{"start":{"line":60,"column":9},"end":{"line":60,"column":19}},"loc":{"start":{"line":60,"column":28},"end":{"line":62,"column":1}},"line":60},"9":{"name":"getInquiryData","decl":{"start":{"line":72,"column":9},"end":{"line":72,"column":23}},"loc":{"start":{"line":72,"column":34},"end":{"line":114,"column":1}},"line":72},"10":{"name":"(anonymous_10)","decl":{"start":{"line":73,"column":43},"end":{"line":73,"column":44}},"loc":{"start":{"line":73,"column":56},"end":{"line":113,"column":5}},"line":73},"11":{"name":"createPrintReservations","decl":{"start":{"line":123,"column":9},"end":{"line":123,"column":32}},"loc":{"start":{"line":123,"column":47},"end":{"line":148,"column":1}},"line":123},"12":{"name":"(anonymous_12)","decl":{"start":{"line":129,"column":49},"end":{"line":129,"column":50}},"loc":{"start":{"line":129,"column":60},"end":{"line":147,"column":5}},"line":129}},"branchMap":{"0":{"loc":{"start":{"line":2,"column":16},"end":{"line":9,"column":1}},"type":"binary-expr","locations":[{"start":{"line":2,"column":17},"end":{"line":2,"column":21}},{"start":{"line":2,"column":25},"end":{"line":2,"column":39}},{"start":{"line":2,"column":44},"end":{"line":9,"column":1}}],"line":2},"1":{"loc":{"start":{"line":3,"column":16},"end":{"line":3,"column":34}},"type":"binary-expr","locations":[{"start":{"line":3,"column":16},"end":{"line":3,"column":17}},{"start":{"line":3,"column":22},"end":{"line":3,"column":33}}],"line":3},"2":{"loc":{"start":{"line":6,"column":32},"end":{"line":6,"column":148}},"type":"cond-expr","locations":[{"start":{"line":6,"column":46},"end":{"line":6,"column":67}},{"start":{"line":6,"column":70},"end":{"line":6,"column":148}}],"line":6},"3":{"loc":{"start":{"line":7,"column":51},"end":{"line":7,"column":67}},"type":"binary-expr","locations":[{"start":{"line":7,"column":51},"end":{"line":7,"column":61}},{"start":{"line":7,"column":65},"end":{"line":7,"column":67}}],"line":7},"4":{"loc":{"start":{"line":35,"column":12},"end":{"line":36,"column":115}},"type":"if","locations":[{"start":{"line":35,"column":12},"end":{"line":36,"column":115}},{"start":{"line":35,"column":12},"end":{"line":36,"column":115}}],"line":35},"5":{"loc":{"start":{"line":75,"column":12},"end":{"line":76,"column":115}},"type":"if","locations":[{"start":{"line":75,"column":12},"end":{"line":76,"column":115}},{"start":{"line":75,"column":12},"end":{"line":76,"column":115}}],"line":75},"6":{"loc":{"start":{"line":84,"column":12},"end":{"line":107,"column":13}},"type":"if","locations":[{"start":{"line":84,"column":12},"end":{"line":107,"column":13}},{"start":{"line":84,"column":12},"end":{"line":107,"column":13}}],"line":84},"7":{"loc":{"start":{"line":90,"column":16},"end":{"line":91,"column":119}},"type":"if","locations":[{"start":{"line":90,"column":16},"end":{"line":91,"column":119}},{"start":{"line":90,"column":16},"end":{"line":91,"column":119}}],"line":90},"8":{"loc":{"start":{"line":101,"column":16},"end":{"line":102,"column":119}},"type":"if","locations":[{"start":{"line":101,"column":16},"end":{"line":102,"column":119}},{"start":{"line":101,"column":16},"end":{"line":102,"column":119}}],"line":101},"9":{"loc":{"start":{"line":124,"column":4},"end":{"line":126,"column":107}},"type":"if","locations":[{"start":{"line":124,"column":4},"end":{"line":126,"column":107}},{"start":{"line":124,"column":4},"end":{"line":126,"column":107}}],"line":124},"10":{"loc":{"start":{"line":124,"column":8},"end":{"line":125,"column":57}},"type":"binary-expr","locations":[{"start":{"line":124,"column":8},"end":{"line":124,"column":35}},{"start":{"line":125,"column":11},"end":{"line":125,"column":57}}],"line":124},"11":{"loc":{"start":{"line":130,"column":8},"end":{"line":133,"column":111}},"type":"if","locations":[{"start":{"line":130,"column":8},"end":{"line":133,"column":111}},{"start":{"line":130,"column":8},"end":{"line":133,"column":111}}],"line":130},"12":{"loc":{"start":{"line":130,"column":12},"end":{"line":132,"column":75}},"type":"binary-expr","locations":[{"start":{"line":130,"column":12},"end":{"line":130,"column":72}},{"start":{"line":131,"column":15},"end":{"line":131,"column":70}},{"start":{"line":132,"column":15},"end":{"line":132,"column":75}}],"line":130}},"s":{"0":1,"1":9,"2":16,"3":16,"4":0,"5":0,"6":0,"7":0,"8":25,"9":16,"10":9,"11":1,"12":1,"13":1,"14":1,"15":1,"16":1,"17":1,"18":1,"19":1,"20":1,"21":1,"22":2,"23":2,"24":2,"25":1,"26":1,"27":1,"28":1,"29":1,"30":1,"31":1,"32":1,"33":1,"34":1,"35":1,"36":7,"37":7,"38":7,"39":1,"40":6,"41":6,"42":6,"43":6,"44":6,"45":5,"46":5,"47":5,"48":5,"49":1,"50":4,"51":4,"52":4,"53":3,"54":1,"55":1,"56":1,"57":1,"58":5,"59":1,"60":4,"61":1,"62":3,"63":3,"64":3,"65":3,"66":1,"67":2,"68":1},"f":{"0":9,"1":9,"2":16,"3":0,"4":25,"5":16,"6":2,"7":2,"8":1,"9":7,"10":7,"11":4,"12":3},"b":{"0":[1,1,1],"1":[9,9],"2":[9,16],"3":[9,9],"4":[1,1],"5":[1,6],"6":[5,1],"7":[1,4],"8":[3,1],"9":[1,3],"10":[4,3],"11":[1,2],"12":[3,2,2]},"_coverageSchema":"332fd63041d2c1bcb487cc26dd0d5f7d97098a6c","hash":"78b8e003728188a16097cc152c53b450bb51d06f","contentHash":"e9c2f96a1af15c554857dcba97e04124_11.4.0"},"C:\\xampp\\htdocs\\Workspace\\motionpicture\\SSKTS\\frontend\\app\\modules\\Inquiry\\InquiryModule.js":{"path":"C:\\xampp\\htdocs\\Workspace\\motionpicture\\SSKTS\\frontend\\app\\modules\\Inquiry\\InquiryModule.js","statementMap":{"0":{"start":{"line":2,"column":16},"end":{"line":9,"column":1}},"1":{"start":{"line":3,"column":4},"end":{"line":8,"column":7}},"2":{"start":{"line":4,"column":36},"end":{"line":4,"column":97}},"3":{"start":{"line":4,"column":42},"end":{"line":4,"column":70}},"4":{"start":{"line":4,"column":85},"end":{"line":4,"column":95}},"5":{"start":{"line":5,"column":35},"end":{"line":5,"column":100}},"6":{"start":{"line":5,"column":41},"end":{"line":5,"column":73}},"7":{"start":{"line":5,"column":88},"end":{"line":5,"column":98}},"8":{"start":{"line":6,"column":32},"end":{"line":6,"column":149}},"9":{"start":{"line":6,"column":97},"end":{"line":6,"column":119}},"10":{"start":{"line":7,"column":8},"end":{"line":7,"column":78}},"11":{"start":{"line":10,"column":0},"end":{"line":10,"column":62}},"12":{"start":{"line":15,"column":15},"end":{"line":15,"column":64}},"13":{"start":{"line":16,"column":14},"end":{"line":16,"column":30}},"14":{"start":{"line":17,"column":19},"end":{"line":17,"column":41}},"15":{"start":{"line":18,"column":20},"end":{"line":18,"column":60}},"16":{"start":{"line":19,"column":20},"end":{"line":19,"column":58}},"17":{"start":{"line":20,"column":23},"end":{"line":20,"column":67}},"18":{"start":{"line":21,"column":26},"end":{"line":21,"column":60}},"19":{"start":{"line":22,"column":12},"end":{"line":22,"column":40}},"20":{"start":{"line":33,"column":4},"end":{"line":66,"column":7}},"21":{"start":{"line":34,"column":28},"end":{"line":34,"column":45}},"22":{"start":{"line":35,"column":8},"end":{"line":39,"column":9}},"23":{"start":{"line":36,"column":27},"end":{"line":36,"column":30}},"24":{"start":{"line":37,"column":12},"end":{"line":37,"column":56}},"25":{"start":{"line":38,"column":12},"end":{"line":38,"column":19}},"26":{"start":{"line":40,"column":8},"end":{"line":65,"column":9}},"27":{"start":{"line":41,"column":12},"end":{"line":42,"column":115}},"28":{"start":{"line":42,"column":16},"end":{"line":42,"column":115}},"29":{"start":{"line":43,"column":30},"end":{"line":43,"column":73}},"30":{"start":{"line":44,"column":28},"end":{"line":47,"column":13}},"31":{"start":{"line":48,"column":33},"end":{"line":48,"column":66}},"32":{"start":{"line":50,"column":12},"end":{"line":52,"column":15}},"33":{"start":{"line":53,"column":12},"end":{"line":53,"column":69}},"34":{"start":{"line":54,"column":12},"end":{"line":57,"column":14}},"35":{"start":{"line":58,"column":12},"end":{"line":58,"column":51}},"36":{"start":{"line":59,"column":12},"end":{"line":59,"column":36}},"37":{"start":{"line":60,"column":12},"end":{"line":60,"column":40}},"38":{"start":{"line":61,"column":12},"end":{"line":61,"column":19}},"39":{"start":{"line":64,"column":12},"end":{
[...]
lumn":16},"end":{"line":189,"column":17}},{"start":{"line":170,"column":16},"end":{"line":189,"column":17}}],"line":170},"19":{"loc":{"start":{"line":170,"column":20},"end":{"line":170,"column":88}},"type":"binary-expr","locations":[{"start":{"line":170,"column":20},"end":{"line":170,"column":49}},{"start":{"line":170,"column":53},"end":{"line":170,"column":88}}],"line":170},"20":{"loc":{"start":{"line":174,"column":20},"end":{"line":175,"column":123}},"type":"if","locations":[{"start":{"line":174,"column":20},"end":{"line":175,"column":123}},{"start":{"line":174,"column":20},"end":{"line":175,"column":123}}],"line":174},"21":{"loc":{"start":{"line":192,"column":16},"end":{"line":198,"column":17}},"type":"if","locations":[{"start":{"line":192,"column":16},"end":{"line":198,"column":17}},{"start":{"line":192,"column":16},"end":{"line":198,"column":17}}],"line":192},"22":{"loc":{"start":{"line":192,"column":20},"end":{"line":192,"column":82}},"type":"binary-expr","locations":[{"start":{"line":192,"column":20},"end":{"line":192,"column":40}},{"start":{"line":192,"column":44},"end":{"line":192,"column":82}}],"line":192},"23":{"loc":{"start":{"line":205,"column":12},"end":{"line":227,"column":13}},"type":"if","locations":[{"start":{"line":205,"column":12},"end":{"line":227,"column":13}},{"start":{"line":205,"column":12},"end":{"line":227,"column":13}}],"line":205},"24":{"loc":{"start":{"line":205,"column":16},"end":{"line":206,"column":75}},"type":"binary-expr","locations":[{"start":{"line":205,"column":16},"end":{"line":205,"column":51}},{"start":{"line":206,"column":19},"end":{"line":206,"column":75}}],"line":205},"25":{"loc":{"start":{"line":217,"column":17},"end":{"line":227,"column":13}},"type":"if","locations":[{"start":{"line":217,"column":17},"end":{"line":227,"column":13}},{"start":{"line":217,"column":17},"end":{"line":227,"column":13}}],"line":217},"26":{"loc":{"start":{"line":217,"column":21},"end":{"line":219,"column":100}},"type":"binary-expr","locations":[{"start":{"line":217,"column":21},"end":{"line":217,"column":54}},{"start":{"line":218,"column":19},"end":{"line":218,"column":29}},{"start":{"line":219,"column":19},"end":{"line":219,"column":100}}],"line":217},"27":{"loc":{"start":{"line":243,"column":4},"end":{"line":244,"column":107}},"type":"if","locations":[{"start":{"line":243,"column":4},"end":{"line":244,"column":107}},{"start":{"line":243,"column":4},"end":{"line":244,"column":107}}],"line":243},"28":{"loc":{"start":{"line":249,"column":8},"end":{"line":327,"column":9}},"type":"if","locations":[{"start":{"line":249,"column":8},"end":{"line":327,"column":9}},{"start":{"line":249,"column":8},"end":{"line":327,"column":9}}],"line":249},"29":{"loc":{"start":{"line":251,"column":12},"end":{"line":252,"column":115}},"type":"if","locations":[{"start":{"line":251,"column":12},"end":{"line":252,"column":115}},{"start":{"line":251,"column":12},"end":{"line":252,"column":115}}],"line":251},"30":{"loc":{"start":{"line":254,"column":24},"end":{"line":254,"column":102}},"type":"binary-expr","locations":[{"start":{"line":254,"column":24},"end":{"line":254,"column":53}},{"start":{"line":254,"column":57},"end":{"line":254,"column":102}}],"line":254},"31":{"loc":{"start":{"line":256,"column":12},"end":{"line":257,"column":115}},"type":"if","locations":[{"start":{"line":256,"column":12},"end":{"line":257,"column":115}},{"start":{"line":256,"column":12},"end":{"line":257,"column":115}}],"line":256},"32":{"loc":{"start":{"line":262,"column":28},"end":{"line":264,"column":50}},"type":"cond-expr","locations":[{"start":{"line":263,"column":22},"end":{"line":263,"column":82}},{"start":{"line":264,"column":22},"end":{"line":264,"column":50}}],"line":262},"33":{"loc":{"start":{"line":270,"column":27},"end":{"line":272,"column":48}},"type":"cond-expr","locations":[{"start":{"line":271,"column":22},"end":{"line":271,"column":84}},{"start":{"line":272,"column":22},"end":{"line":272,"column":48}}],"line":270},"34":{"loc":{"start":{"line":274,"column":33},"end":{"line":276,"column":23}},"type":"cond-expr","locations":[{"start":{"line":275,"column":22},"end":{"line":275,"column":55}},{"start":{"line":276,"column":22},"end":{"line":276,"column":23}}],"line":274},"35":{"loc":{"start":{"line":295,"column":12},"end":{"line":296,"column":115}},"type":"if","locations":[{"start":{"line":295,"column":12},"end":{"line":296,"column":115}},{"start":{"line":295,"column":12},"end":{"line":296,"column":115}}],"line":295},"36":{"loc":{"start":{"line":301,"column":28},"end":{"line":303,"column":44}},"type":"cond-expr","locations":[{"start":{"line":302,"column":22},"end":{"line":302,"column":76}},{"start":{"line":303,"column":22},"end":{"line":303,"column":44}}],"line":301},"37":{"loc":{"start":{"line":309,"column":27},"end":{"line":311,"column":43}},"type":"cond-expr","locations":[{"start":{"line":310,"column":22},"end":{"line":310,"column":68}},{"start":{"line":311,"column":22},"end":{"line":311,"column":43}}],"line":309},"38":{"loc":{"start":{"line":313,"column":33},"end":{"line":315,"column":23}},"type":"cond-expr","locations":[{"start":{"line":314,"column":22},"end":{"line":314,"column":44}},{"start":{"line":315,"column":22},"end":{"line":315,"column":23}}],"line":313},"39":{"loc":{"start":{"line":339,"column":4},"end":{"line":340,"column":107}},"type":"if","locations":[{"start":{"line":339,"column":4},"end":{"line":340,"column":107}},{"start":{"line":339,"column":4},"end":{"line":340,"column":107}}],"line":339},"40":{"loc":{"start":{"line":342,"column":8},"end":{"line":349,"column":9}},"type":"if","locations":[{"start":{"line":342,"column":8},"end":{"line":349,"column":9}},{"start":{"line":342,"column":8},"end":{"line":349,"column":9}}],"line":342},"41":{"loc":{"start":{"line":344,"column":24},"end":{"line":344,"column":100}},"type":"binary-expr","locations":[{"start":{"line":344,"column":24},"end":{"line":344,"column":50}},{"start":{"line":344,"column":54},"end":{"line":344,"column":100}}],"line":344},"42":{"loc":{"start":{"line":346,"column":12},"end":{"line":348,"column":13}},"type":"if","locations":[{"start":{"line":346,"column":12},"end":{"line":348,"column":13}},{"start":{"line":346,"column":12},"end":{"line":348,"column":13}}],"line":346},"43":{"loc":{"start":{"line":351,"column":4},"end":{"line":353,"column":5}},"type":"if","locations":[{"start":{"line":351,"column":4},"end":{"line":353,"column":5}},{"start":{"line":351,"column":4},"end":{"line":353,"column":5}}],"line":351}},"s":{"0":1,"1":11,"2":6,"3":6,"4":0,"5":0,"6":0,"7":0,"8":17,"9":6,"10":11,"11":1,"12":1,"13":1,"14":1,"15":1,"16":1,"17":1,"18":1,"19":1,"20":1,"21":1,"22":6,"23":6,"24":6,"25":1,"26":5,"27":5,"28":5,"29":5,"30":1,"31":4,"32":1,"33":3,"34":1,"35":2,"36":1,"37":1,"38":1,"39":1,"40":1,"41":1,"42":1,"43":1,"44":1,"45":2,"46":2,"47":2,"48":2,"49":2,"50":2,"51":4,"52":1,"53":5,"54":5,"55":1,"56":1,"57":4,"58":4,"59":4,"60":4,"61":4,"62":1,"63":3,"64":2,"65":1,"66":1,"67":1,"68":1,"69":1,"70":1,"71":1,"72":1,"73":1,"74":2,"75":1,"76":1,"77":0,"78":1,"79":1,"80":1,"81":1,"82":1,"83":1,"84":1,"85":1,"86":0,"87":1,"88":1,"89":1,"90":1,"91":1,"92":1,"93":1,"94":1,"95":0,"96":1,"97":0,"98":3,"99":0,"100":0,"101":0,"102":0,"103":0,"104":0,"105":0,"106":0,"107":3,"108":0,"109":0,"110":0,"111":0,"112":0,"113":0,"114":0,"115":3,"116":1,"117":1,"118":0,"119":1,"120":1,"121":1,"122":2,"123":1,"124":0,"125":1,"126":1,"127":1,"128":0,"129":1,"130":1,"131":1,"132":1,"133":1,"134":0,"135":1,"136":1,"137":1,"138":1,"139":0,"140":1,"141":2,"142":2,"143":4,"144":2,"145":0,"146":1,"147":0},"f":{"0":11,"1":11,"2":6,"3":0,"4":17,"5":6,"6":6,"7":6,"8":1,"9":5,"10":5,"11":2,"12":0,"13":1,"14":1,"15":1,"16":1,"17":2,"18":4},"b":{"0":[1,1,1],"1":[11,11],"2":[11,6],"3":[11,11],"4":[1,5],"5":[1,4],"6":[1,3],"7":[1,2],"8":[1,1],"9":[1,0],"10":[1,0],"11":[1,4],"12":[1,3],"13":[2,1],"14":[3,2,2,2],"15":[1,0],"16":[0,1],"17":[1,0],"18":[1,0],"19":[1,1],"20":[0,1],"21":[0,1],"22":[1,0],"23":[0,3],"24":[3,3],"25":[0,3],"26":[3,0,0],"27":[0,1],"28":[1,1],"29":[0,1],"30":[1,1],"31":[0,1],"32":[0,1],"33":[0,1],"34":[0,1],"35":[0,1],"36":[0,1],"37":[0,1],"38":[0,1],"39":[0,1],"40":[2,0],"41":[4,4],"42":[0,2],"43":[0,1]},"_coverageSchema":"332fd63041d2c1bcb487cc26dd0d5f7d97098a6c","hash":"ca7c6683d3b0a5014ad55fa25bde279a511b589e","contentHash":"ef6e368b9f907cf3c238515ee570e4a9_11.4.0"},"C:\\xampp\\htdocs\\Workspace\\motionpicture\\SSKTS\\frontend\\app\\modules\\Purchase\\TransactionModule.js":{"path":"C:\\xampp\\htdocs\\Workspace\\motionpicture\\SSKTS\\frontend\\app\\modules\\Purchase\\TransactionModule.js","statementMap":{"0":{"start":{"line":6,"column":16},"end":{"line":13,"column":1}},"1":{"start":{"line":7,"column":4},"end":{"line":12,"column":7}},"2":{"start":{"line":8,"column":36},"end":{"line":8,"column":97}},"3":{"start":{"line":8,"column":42},"end":{"line":8,"column":70}},"4":{"start":{"line":8,"column":85},"end":{"line":8,"column":95}},"5":{"start":{"line":9,"column":35},"end":{"line":9,"column":100}},"6":{"start":{"line":9,"column":41},"end":{"line":9,"column":73}},"7":{"start":{"line":9,"column":88},"end":{"line":9,"column":98}},"8":{"start":{"line":10,"column":32},"end":{"line":10,"column":149}},"9":{"start":{"line":10,"column":97},"end":{"line":10,"column":119}},"10":{"start":{"line":11,"column":8},"end":{"line":11,"column":78}},"11":{"start":{"line":14,"column":0},"end":{"line":14,"column":62}},"12":{"start":{"line":15,"column":15},"end":{"line":15,"column":64}},"13":{"start":{"line":16,"column":14},"end":{"line":16,"column":30}},"14":{"start":{"line":17,"column":19},"end":{"line":17,"column":41}},"15":{"start":{"line":18,"column":15},"end":{"line":18,"column":32}},"16":{"start":{"line":19,"column":20},"end":{"line":19,"column":58}},"17":{"start":{"line":20,"column":24},"end":{"line":20,"column":70}},"18":{"start":{"line":21,"column":26},"end":{"line":21,"column":60}},"19":{"start":{"line":22,"column":19},"end":{"line":22,"column":48}},"20":{"start":{"line":23,"column":12},"end":{"line":23,"column":53}},"21":{"start":{"line":29,"column":25},"end":{"line":29,"column":27}},"22":{"start":{"line":35,"column":23},"end":{"line":35,"column":26}},"23":{"start":{"line":41,"column":27},"end":{"line":41,"column":29}},"24":{"start":{"line":47,"column":25},"end":{"line":47,"column":26}},"25":{"start":{"line":59,"column":4},"end":{"line":142,"column":7}},"26":{"start":{"line":60,"column":8},"end":{"line":141,"column":9}},"27":{"start":{"line":61,"column":12},"end":{"line":63,"column":13}},"28":{"start":{"line":62,"column":16},"end":{"line":62,"column":115}},"29":{"start":{"line":64,"column":30},"end":{"line":64,"column":73}},"30":{"start":{"line":65,"column":28},"end":{"line":68,"column":13}},"31":{"start":{"line":69,"column":12},"end":{"line":69,"column":40}},"32":{"start":{"line":70,"column":12},"end":{"line":70,"column":46}},"33":{"start":{"line":72,"column":45},"end":{"line":74,"column":14}},"34":{"start":{"line":75,"column":12},"end":{"line":75,"column":28}},"35":{"start":{"line":76,"column":12},"end":{"line":77,"column":115}},"36":{"start":{"line":77,"column":16},"end":{"line":77,"column":115}},"37":{"start":{"line":79,"column":12},"end":{"line":85,"column":13}},"38":{"start":{"line":80,"column":16},"end":{"line":80,"column":56}},"39":{"start":{"line":83,"column":16},"end":{"line":83,"column":72}},"40":{"start":{"line":84,"column":16},"end":{"line":84,"column":81}},"41":{"start":{"line":87,"column":12},"end":{"line":89,"column":13}},"42":{"start":{"line":88,"column":16},"end":{"line":88,"column":115}},"43":{"start":{"line":90,"column":12},"end":{"line":90,"column":27}},"44":{"start":{"line":92,"column":26},"end":{"line":92,"column":111}},"45":{"start":{"line":93,"column":30},"end":{"line":93,"column":60}},"46":{"start":{"line":94,"column":12},"end":{"line":96,"column":13}},"47":{"start":{"line":95,"column":16},"end":{"line":95,"column":115}},"48":{"start":{"line":97,"column":12},"end":{"line":97,"column":27}},"49":{"start":{"line":99,"column":12},"end":{"line":109,"column":13}},"50":{"start":{"line":101,"column":16},"end":{"line":101,"column":88}},"51":{"start":{"line":102,"column":16},"end":{"line":102,"column":28}},"52":{"start":{"line":103,"column":16},"end":{"line":108,"column":17}},"53":{"start":{"line":105,"column":20},"end":{"line":105,"column":81}},"54":{"start":{"line":106,"column":20},"end":{"line":106,"column":33}},"55":{"start":{"line":107,"column":20},"end":{"line":107,"column":27}},"56":{"start":{"line":111,"column":12},"end":{"line":111,"column":40}},"57":{"start":{"line":112,"column":12},"end":{"line":112,"column":36}},"58":{"start":{"line":113,"column":12},"end":{"line":113,"column":40}},"59":{"start":{"line":114,"column":12},"end":{"line":114,"column":27}},"60":{"start":{"line":115,"column":12},"end":{"line":117,"column":15}},"61":{"start":{"line":119,"column":12},"end":{"line":121,"column":15}},"62":{"start":{"line":122,"column":12},"end":{"line":122,"column":30}},"63":{"start":{"line":123,"column":12},"end":{"line":124,"column":111}},"64":{"start":{"line":124,"column":16},"end":{"line":124,"column":111}},"65":{"start":{"line":126,"column":26},"end":{"line":126,"column":115}},"66":{"start":{"line":127,"column":12},"end":{"line":127,"column":76}},"67":{"start":{"line":128,"column":12},"end":{"line":132,"column":15}},"68":{"start":{"line":133,"column":12},"end":{"line":133,"column":59}},"69":{"start":{"line":135,"column":12},"end":{"line":135,"column":44}},"70":{"start":{"line":137,"column":12},"end":{"line":137,"column":71}},"71":{"start":{"line":140,"column":12},"end":{"line":140,"column":22}},"72":{"start":{"line":144,"column":0},"end":{"line":144,"column":22}}},"fnMap":{"0":{"name":"(anonymous_0)","decl":{"start":{"line":6,"column":44},"end":{"line":6,"column":45}},"loc":{"start":{"line":6,"column":89},"end":{"line":13,"column":1}},"line":6},"1":{"name":"(anonymous_1)","decl":{"start":{"line":7,"column":36},"end":{"line":7,"column":37}},"loc":{"start":{"line":7,"column":63},"end":{"line":12,"column":5}},"line":7},"2":{"name":"fulfilled","decl":{"start":{"line":8,"column":17},"end":{"line":8,"column":26}},"loc":{"start":{"line":8,"column":34},"end":{"line":8,"column":99}},"line":8},"3":{"name":"rejected","decl":{"start":{"line":9,"column":17},"end":{"line":9,"column":25}},"loc":{"start":{"line":9,"column":33},"end":{"line":9,"column":102}},"line":9},"4":{"name":"step","decl":{"start":{"line":10,"column":17},"end":{"line":10,"column":21}},"loc":{"start":{"line":10,"column":30},"end":{"line":10,"column":151}},"line":10},"5":{"name":"(anonymous_5)","decl":{"start":{"line":10,"column":76},"end":{"line":10,"column":77}},"loc":{"start":{"line":10,"column":95},"end":{"line":10,"column":121}},"line":10},"6":{"name":"start","decl":{"start":{"line":58,"column":9},"end":{"line":58,"column":14}},"loc":{"start":{"line":58,"column":31},"end":{"line":143,"column":1}},"line":58},"7":{"name":"(anonymous_7)","decl":{"start":{"line":59,"column":43},"end":{"line":59,"column":44}},"loc":{"start":{"line":59,"column":56},"end":{"line":142,"column":5}},"line":59}},"branchMap":{"0":{"loc":{"start":{"line":6,"column":16},"end":{"line":13,"column":1}},"type":"binary-expr","locations":[{"start":{"line":6,"column":17},"end":{"line":6,"column":21}},{"start":{"line":6,"column":25},"end":{"line":6,"column":39}},{"start":{"line":6,"column":44},"end":{"line":13,"column":1}}],"line":6},"1":{"loc":{"start":{"line":7,"column":16},"end":{"line":7,"column":34}},"type":"binary-expr","locations":[{"start":{"line":7,"column":16},"end":{"line":7,"column":17}},{"start":{"line":7,"column":22},"end":{"line":7,"column":33}}],"line":7},"2":{"loc":{"start":{"line":10,"column":32},"end":{"line":10,"column":148}},"type":"cond-expr","locations":[{"start":{"line":10,"column":46},"end":{"line":10,"column":67}},{"start":{"line":10,"column":70},"end":{"line":10,"column":148}}],"line":10},"3":{"loc":{"start":{"line":11,"column":51},"end":{"line":11,"column":67}},"type":"binary-expr","locations":[{"start":{"line":11,"column":51},"end":{"line":11,"column":61}},{"start":{"line":11,"column":65},"end":{"line":11,"column":67}}],"line":11},"4":{"loc":{"start":{"line":61,"column":12},"end":{"line":63,"column":13}},"type":"if","locations":[{"start":{"line":61,"column":12},"end":{"line":63,"column":13}},{"start":{"line":61,"column":12},"end":{"line":63,"column":13}}],"line":61},"5":{"loc":{"start":{"line":61,"column":16},"end":{"line":61,"column":82}},"type":"binary-expr","locations":[{"start":{"line":61,"column":16},"end":{"line":61,"column":41}},{"start":{"line":61,"column":45},"end":{"line":61,"column":82}}],"line":61},"6":{"loc":{"start":{"line":76,"column":12},"end":{"line":77,"column":115}},"type":"if","locations":[{"start":{"line":76,"column":12},"end":{"line":77,"column":115}},{"start":{"line":76,"column":12},"end":{"line":77,"column":115}}],"line":76},"7":{"loc":{"start":{"line":79,"column":12},"end":{"line":85,"column":13}},"type":"if","locations":[{"start":{"line":79,"column":12},"end":{"line":85,"column":13}},{"start":{"line":79,"column":12},"end":{"line":85,"column":13}}],"line":79},"8":{"loc":{"start":{"line":87,"column":12},"end":{"line":89,"column":13}},"type":"if","locations":[{"start":{"line":87,"column":12},"end":{"line":89,"column":13}},{"start":{"line":87,"column":12},"end":{"line":89,"column":13}}],"line":87},"9":{"loc":{"start":{"line":92,"column":26},"end":{"line":92,"column":111}},"type":"cond-expr","locations":[{"start":{"line":92,"column":78},"end":{"line":92,"column":92}},{"start":{"line":92,"column":95},"end":{"line":92,"column":111}}],"line":92},"10":{"loc":{"start":{"line":94,"column":12},"end":{"line":96,"column":13}},"type":"if","locations":[{"start":{"line":94,"column":12},"end":{"line":96,"column":13}},{"start":{"line":94,"column":12},"end":{"line":96,"column":13}}],"line":94},"11":{"loc":{"start":{"line":99,"column":12},"end":{"line":109,"column":13}},"type":"if","locations":[{"start":{"line":99,"column":12},"end":{"line":109,"column":13}},{"start":{"line":99,"column":12},"end":{"line":109,"column":13}}],"line":99},"12":{"loc":{"start":{"line":103,"column":16},"end":{"line":108,"column":17}},"type":"if","locations":[{"start":{"line":103,"column":16},"end":{"line":108,"column":17}},{"start":{"line":103,"column":16},"end":{"line":108,"column":17}}],"line":103},"13":{"loc":{"start":{"line":103,"column":20},"end":{"line":103,"column":109}},"type":"binary-expr","locations":[{"start":{"line":103,"column":20},"end":{"line":103,"column":54}},{"start":{"line":103,"column":58},"end":{"line":103,"column":109}}],"line":103},"14":{"loc":{"start":{"line":123,"column":12},"end":{"line":124,"column":111}},"type":"if","locations":[{"start":{"line":123,"column":12},"end":{"line":124,"column":111}},{"start":{"line":123,"column":12},"end":{"line":124,"column":111}}],"line":123},"15":{"loc":{"start":{"line":126,"column":26},"end":{"line":126,"column":115}},"type":"cond-expr","locations":[{"start":{"line":126,"column":78},"end":{"line":126,"column":94}},{"start":{"line":126,"column":97},"end":{"line":126,"column":115}}],"line":126}},"s":{"0":1,"1":8,"2":9,"3":9,"4":0,"5":1,"6":1,"7":0,"8":18,"9":10,"10":8,"11":1,"12":1,"13":1,"14":1,"15":1,"16":1,"17":1,"18":1,"19":1,"20":1,"21":1,"22":1,"23":1,"24":1,"25":8,"26":8,"27":8,"28":1,"29":7,"30":7,"31":7,"32":7,"33":7,"34":6,"35":6,"36":1,"37":5,"38":5,"39":0,"40":0,"41":5,"42":1,"43":4,"44":4,"45":4,"46":4,"47":1,"48":3,"49":3,"50":3,"51":3,"52":3,"53":1,"54":1,"55":1,"56":2,"57":2,"58":2,"59":2,"60":2,"61":2,"62":2,"63":2,"64":1,"65":1,"66":1,"67":1,"68":1,"69":1,"70":1,"71":6,"72":1},"f":{"0":8,"1":8,"2":9,"3":1,"4":18,"5":10,"6":8,"7":8},"b":{"0":[1,1,1],"1":[8,8],"2":[8,10],"3":[8,8],"4":[1,7],"5":[8,7],"6":[1,5],"7":[5,0],"8":[1,4],"9":[0,4],"10":[1,3],"11":[3,0],"12":[1,2],"13":[3,1],"14":[1,1],"15":[0,1]},"_coverageSchema":"332fd63041d2c1bcb487cc26dd0d5f7d97098a6c","hash":"d62c99a7faa27add3c0a8f643c98bebfc4a525e3","contentHash":"d5d53096271ee4c0768293342eebc58f_11.4.0"}}